#
# A fatal error has been detected by the Java Runtime Environment:
#
#  SIGSEGV (0xb) at pc=0x00000001096a381e, pid=1460, tid=12035
#
# JRE version: OpenJDK Runtime Environment Temurin-11.0.18+10 (11.0.18+10) (build 11.0.18+10)
# Java VM: OpenJDK 64-Bit Server VM Temurin-11.0.18+10 (11.0.18+10, mixed mode, tiered, compressed oops, g1 gc, bsd-amd64)
# Problematic frame:
# V  [libjvm.dylib+0x34381e]  void G1ConcurrentRefineOopClosure::do_oop_work<unsigned int>(unsigned int*)+0x4a
#
# No core dump will be written. Core dumps have been disabled. To enable core dumping, try "ulimit -c unlimited" before starting Java again
#
# If you would like to submit a bug report, please visit:
#   https://github.com/adoptium/adoptium-support/issues
#

---------------  S U M M A R Y ------------

Command Line: -XX:TieredStopAtLevel=1 -Xverify:none -Dspring.output.ansi.enabled=always -Dcom.sun.management.jmxremote -Dspring.jmx.enabled=true -Dspring.liveBeansView.mbeanDomain -Dspring.application.admin.enabled=true -Dmanagement.endpoints.jmx.exposure.include=* -javaagent:/Applications/IntelliJ IDEA.app/Contents/lib/idea_rt.jar=49694:/Applications/IntelliJ IDEA.app/Contents/bin -Dfile.encoding=UTF-8 com.example.teamup.TeamUpApplication

Host: MacBookAir7,2 x86_64 1600 MHz, 4 cores, 8G, Darwin 21.5.0
Time: Sun Mar 19 13:39:49 2023 WAT elapsed time: 2243.080370 seconds (0d 0h 37m 23s)

---------------  T H R E A D  ---------------

Current thread (0x00007fe3678a6000):  ConcurrentGCThread "G1 Refine#0" [stack: 0x000070000c796000,0x000070000c896000] [id=12035]

Stack: [0x000070000c796000,0x000070000c896000],  sp=0x000070000c895d50,  free space=1023k
Native frames: (J=compiled Java code, A=aot compiled Java code, j=interpreted, Vv=VM code, C=native code)
V  [libjvm.dylib+0x34381e]  void G1ConcurrentRefineOopClosure::do_oop_work<unsigned int>(unsigned int*)+0x4a
V  [libjvm.dylib+0x346010]  void OopOopIterateDispatch<G1ConcurrentRefineOopClosure>::Table::oop_oop_iterate<InstanceKlass, unsigned int>(G1ConcurrentRefineOopClosure*, oopDesc*, Klass*)+0x66
V  [libjvm.dylib+0x342842]  bool HeapRegion::oops_on_card_seq_iterate_careful<false, G1ConcurrentRefineOopClosure>(MemRegion, G1ConcurrentRefineOopClosure*)+0x10a
V  [libjvm.dylib+0x3426d5]  G1RemSet::refine_card_concurrently(signed char*, unsigned int)+0x115
V  [libjvm.dylib+0x2e2622]  G1RefineCardConcurrentlyClosure::do_card_ptr(signed char*, unsigned int)+0x24
V  [libjvm.dylib+0x2e2268]  DirtyCardQueueSet::apply_closure_to_completed_buffer(CardTableEntryClosure*, unsigned int, unsigned long, bool)+0x58
V  [libjvm.dylib+0x2e220a]  DirtyCardQueueSet::refine_completed_buffer_concurrently(unsigned int, unsigned long)+0x28
V  [libjvm.dylib+0x322f5c]  G1ConcurrentRefineThread::run_service()+0xb0
V  [libjvm.dylib+0x24cbda]  ConcurrentGCThread::run()+0x30
V  [libjvm.dylib+0x77ef00]  Thread::call_run()+0x68
V  [libjvm.dylib+0x62d13c]  thread_native_entry(Thread*)+0x125
C  [libsystem_pthread.dylib+0x64e1]  _pthread_start+0x7d
C  [libsystem_pthread.dylib+0x1f6b]  thread_start+0xf


siginfo: si_signo: 11 (SIGSEGV), si_code: 1 (SEGV_MAPERR), si_addr: 0x00000000000000f8

Register to memory mapping:

RAX=0x0 is NULL
RBX=0x0000000781a59400 is an oop: 
[error occurred during error reporting (printing register info), id 0xb, SIGSEGV (0xb) at pc=0x000000010997fe4f]

Registers:
RAX=0x0000000000000000, RBX=0x0000000781a59400, RCX=0x00007fe3677fc000, RDX=0x00007fe367813000
RSP=0x000070000c895d50, RBP=0x000070000c895d50, RSI=0x0000000781a59400, RDI=0x000070000c895e08
R8 =0x0000600003b36558, R9 =0x0000000109d311c8, R10=0x0000000000000014, R11=0x0000000000000000
R12=0x0000000800008ff0, R13=0x0000000800008ff8, R14=0x0000000781a59408, R15=0x000070000c895e08
RIP=0x00000001096a381e, EFLAGS=0x0000000000010246, ERR=0x0000000000000004
  TRAPNO=0x000000000000000e

Top of Stack: (sp=0x000070000c895d50)
0x000070000c895d50:   000070000c895d90 00000001096a6010
0x000070000c895d60:   0000000781a593b0 00007fe36784be18
0x000070000c895d70:   0000000781a593b0 00007fe366f0e570
0x000070000c895d80:   0000000781a59400 0000000781a59408
0x000070000c895d90:   000070000c895df0 00000001096a2842
0x000070000c895da0:   000000000000000b 0000000000000040
0x000070000c895db0:   00007fe36784be18 000070000c895e08
0x000070000c895dc0:   0000000781a59200 0000000781a59200
0x000070000c895dd0:   0000000108c692c9 00007fe366f0e570
0x000070000c895de0:   0000600002c715e0 0000000000000004
0x000070000c895df0:   000070000c895e50 00000001096a26d5
0x000070000c895e00:   0000600000574630 0000000109ccb080
0x000070000c895e10:   0000000000000000 00007fe367813000
0x000070000c895e20:   0000700000000004 0000000108c692c9
0x000070000c895e30:   0000000000000004 00007fe3671d0400
0x000070000c895e40:   0000000000000004 0000000000000052
0x000070000c895e50:   000070000c895e70 0000000109642622
0x000070000c895e60:   000070000c895ed8 0000000000000100
0x000070000c895e70:   000070000c895ec0 0000000109642268
0x000070000c895e80:   4000000000000000 0000000000000000
0x000070000c895e90:   0000000109d30d10 00007fe3678a6000
0x000070000c895ea0:   0000000000000001 0000000000000000
0x000070000c895eb0:   0000000109d44c18 0000000109d30d10
0x000070000c895ec0:   000070000c895ee0 000000010964220a
0x000070000c895ed0:   0000000109d44c18 0000000109cc84f8
0x000070000c895ee0:   000070000c895f20 0000000109682f5c
0x000070000c895ef0:   0000000109cc9e20 00007fe3678a6000
0x000070000c895f00:   0000600002962180 0000000000000000
0x000070000c895f10:   00007fe3678a6000 0000000000000001
0x000070000c895f20:   000070000c895f40 00000001095acbda
0x000070000c895f30:   0000000109cc9e20 00007fe3678a6000
0x000070000c895f40:   000070000c895f60 0000000109adef00 

Instructions: (pc=0x00000001096a381e)
0x00000001096a371e:   02 00 00 48 8b 3c c8 8b 87 04 01 00 00 83 f8 03
0x00000001096a372e:   74 05 e8 2b 64 04 00 48 ff c3 4c 39 fb 72 d0 49
0x00000001096a373e:   8b 44 24 28 49 8b 0e 48 39 c1 72 9a 5b 41 5c 41
0x00000001096a374e:   5e 41 5f 5d c3 90 55 48 89 e5 5d e9 16 00 00 00
0x00000001096a375e:   55 48 89 e5 5d e9 6c 00 00 00 55 48 89 e5 b8 01
0x00000001096a376e:   00 00 00 5d c3 90 55 48 89 e5 48 8b 06 48 85 c0
0x00000001096a377e:   74 51 48 89 c2 48 31 f2 48 8d 0d 63 dc 68 00 8a
0x00000001096a378e:   09 48 d3 ea 48 85 d2 74 3a 48 8b 57 10 8a 8a c0
0x00000001096a379e:   02 00 00 48 d3 e8 48 8b 8a b0 02 00 00 48 8b 04
0x00000001096a37ae:   c1 48 8b 80 f8 00 00 00 83 b8 18 01 00 00 00 74
0x00000001096a37be:   12 8b 57 18 48 05 90 00 00 00 48 89 c7 5d e9 07
0x00000001096a37ce:   cb 04 00 5d c3 90 55 48 89 e5 8b 06 48 85 c0 74
0x00000001096a37de:   61 48 8d 15 da 9c 66 00 8a 4a 08 48 d3 e0 48 03
0x00000001096a37ee:   02 48 89 c2 48 31 f2 48 8d 0d f4 db 68 00 8a 09
0x00000001096a37fe:   48 d3 ea 48 85 d2 74 3a 48 8b 57 10 8a 8a c0 02
0x00000001096a380e:   00 00 48 d3 e8 48 8b 8a b0 02 00 00 48 8b 04 c1
0x00000001096a381e:   48 8b 80 f8 00 00 00 83 b8 18 01 00 00 00 74 12
0x00000001096a382e:   8b 57 18 48 05 90 00 00 00 48 89 c7 5d e9 98 ca
0x00000001096a383e:   04 00 5d c3 55 48 89 e5 41 56 53 48 83 ec 40 41
0x00000001096a384e:   89 f6 48 89 fb e8 d4 e3 40 00 e8 53 bd fc ff 48
0x00000001096a385e:   8b 4b 28 8b 53 30 44 01 f2 48 8d 75 b8 c6 46 08
0x00000001096a386e:   01 48 8d 3d 62 78 62 00 48 89 3e 48 89 4e 10 48
0x00000001096a387e:   c7 46 20 00 00 00 00 48 8d 0d 64 78 62 00 48 89
0x00000001096a388e:   4e 18 48 89 46 28 89 56 30 48 8d 53 18 48 89 c7
0x00000001096a389e:   44 89 f1 e8 68 b4 fc ff e8 e9 e3 40 00 48 83 c4
0x00000001096a38ae:   40 5b 41 5e 5d c3 55 48 89 e5 41 57 41 56 41 55
0x00000001096a38be:   41 54 53 48 83 ec 58 48 8b 4f 10 b0 01 80 b9 2a
0x00000001096a38ce:   05 00 00 00 0f 85 94 01 00 00 49 89 f6 49 89 ff
0x00000001096a38de:   8b 86 00 01 00 00 48 89 45 c0 48 8d 05 41 c0 64
0x00000001096a38ee:   00 48 8b 00 48 c1 e8 03 48 8b 96 58 01 00 00 48
0x00000001096a38fe:   8b 76 08 48 89 45 b0 48 8d 04 c5 00 00 00 00 48
0x00000001096a390e:   89 45 b8 48 89 55 c8 49 3b 76 10 0f 83 43 01 00 


Stack slot to memory mapping:
stack at sp + 0 slots: 0x000070000c895d90 points into unknown readable memory: 0x000070000c895df0 | f0 5d 89 0c 00 70 00 00
stack at sp + 1 slots: 0x00000001096a6010: _ZN21OopOopIterateDispatchI28G1ConcurrentRefineOopClosureE5Table15oop_oop_iterateI13InstanceKlassjEEvPS0_P7oopDescP5Klass+0x66 in /Users/decagon/Library/Java/JavaVirtualMachines/temurin-11.0.18/Contents/Home/lib/server/libjvm.dylib at 0x0000000109360000
stack at sp + 2 slots: 0x0000000781a593b0 is an oop: java.lang.reflect.Method 
{0x0000000781a593b0} - klass: 'java/lang/reflect/Method'
 - ---- fields (total size 11 words):
 - 'override' 'Z' @12  false
 - volatile 'securityCheckCache' 'Ljava/lang/Object;' @16  NULL (0)
 - private volatile transient 'hasRealParameterData' 'Z' @20  false
 - private volatile transient 'parameters' '[Ljava/lang/reflect/Parameter;' @24  NULL (0)
 - private volatile transient strict 'declaredAnnotations' 'Ljava/util/Map;' @28  a 'java/util/Collections$EmptyMap'{0x00000007806d2de8} (f00da5bd)
 - private 'slot' 'I' @32  12 (c)
 - private 'modifiers' 'I' @36  1
 - private strict 'clazz' 'Ljava/lang/Class;' @40  a 'java/lang/Class'{0x0000000780cc0058} = 'org/springframework/security/config/annotation/web/builders/HttpSecurity' (f019800b)
 - private 'name' 'Ljava/lang/String;' @44  "httpBasic"{0x0000000781761220} (f02ec244)
 - private strict 'returnType' 'Ljava/lang/Class;' @48  a 'java/lang/Class'{0x0000000781933198} = 'org/springframework/security/config/annotation/web/configurers/HttpBasicConfigurer' (f0326633)
 - private strict 'parameterTypes' '[Ljava/lang/Class;' @52  a 'java/lang/Class'[0] {0x0000000781a592b8} (f034b257)
 - private strict 'exceptionTypes' '[Ljava/lang/Class;' @56  a 'java/lang/Class'[1] {0x0000000781a592c8} (f034b259)
 - private transient 'signature' 'Ljava/lang/String;' @60  "()Lorg/springframework/security/config/annotation/web/configurers/HttpBasicConfigurer<Lorg/springframework/security/config/annotation/web/builders/HttpSecurity;>;"{0x0000000781a592e0} (f034b25c)
 - private transient 'genericInfo' 'Lsun/reflect/generics/repository/MethodRepository;' @64  NULL (0)
 - private 'annotations' '[B' @68  NULL (0)
 - private 'parameterAnnotations' '[B' @72  NULL (0)
 - private 'annotationDefault' '[B' @76  NULL (0)
 - private volatile 'methodAccessor' 'Ljdk/internal/reflect/MethodAccessor;' @80  
[error occurred during error reporting (inspecting top of stack), id 0xb, SIGSEGV (0xb) at pc=0x000000010971b66d]


---------------  P R O C E S S  ---------------

Threads class SMR info:
_java_thread_list=0x000060000011c880, length=31, elements={
0x00007fe3678b0800, 0x00007fe367029000, 0x00007fe3678b3000, 0x00007fe36803d800,
0x00007fe36803e000, 0x00007fe369816000, 0x00007fe367025000, 0x00007fe3671c3800,
0x00007fe3681db800, 0x00007fe369a39800, 0x00007fe3681dc800, 0x00007fe369dd5800,
0x00007fe3685b1000, 0x00007fe369a9f800, 0x00007fe3699e3000, 0x00007fe36723b000,
0x00007fe36856e000, 0x00007fe367234000, 0x00007fe36877e000, 0x00007fe368560000,
0x00007fe368569000, 0x00007fe368747000, 0x00007fe3685c8000, 0x00007fe3671d2800,
0x00007fe367a66800, 0x00007fe367b24800, 0x00007fe369e33000, 0x00007fe3685a2800,
0x00007fe369a4e000, 0x00007fe3686aa000, 0x00007fe369e35800
}

Java Threads: ( => current thread )
  0x00007fe3678b0800 JavaThread "Reference Handler" daemon [_thread_blocked, id=17923, stack(0x000070000ca9f000,0x000070000cb9f000)]
  0x00007fe367029000 JavaThread "Finalizer" daemon [_thread_blocked, id=14083, stack(0x000070000cba2000,0x000070000cca2000)]
  0x00007fe3678b3000 JavaThread "Signal Dispatcher" daemon [_thread_blocked, id=15619, stack(0x000070000cdab000,0x000070000ceab000)]
  0x00007fe36803d800 JavaThread "Service Thread" daemon [_thread_blocked, id=43267, stack(0x000070000ceae000,0x000070000cfae000)]
  0x00007fe36803e000 JavaThread "C1 CompilerThread0" daemon [_thread_blocked, id=22531, stack(0x000070000cfb1000,0x000070000d0b1000)]
  0x00007fe369816000 JavaThread "Sweeper thread" daemon [_thread_blocked, id=42755, stack(0x000070000d0b4000,0x000070000d1b4000)]
  0x00007fe367025000 JavaThread "Common-Cleaner" daemon [_thread_blocked, id=23299, stack(0x000070000d1b7000,0x000070000d2b7000)]
  0x00007fe3671c3800 JavaThread "Monitor Ctrl-Break" daemon [_thread_in_native, id=42243, stack(0x000070000d2ba000,0x000070000d3ba000)]
  0x00007fe3681db800 JavaThread "RMI TCP Accept-0" daemon [_thread_in_native, id=24323, stack(0x000070000d3bd000,0x000070000d4bd000)]
  0x00007fe369a39800 JavaThread "Attach Listener" daemon [_thread_blocked, id=41475, stack(0x000070000d7c9000,0x000070000d8c9000)]
  0x00007fe3681dc800 JavaThread "RMI Scheduler(0)" daemon [_thread_blocked, id=40707, stack(0x000070000d9cf000,0x000070000dacf000)]
  0x00007fe369dd5800 JavaThread "HikariPool-1 housekeeper" daemon [_thread_blocked, id=16667, stack(0x000070000dcd8000,0x000070000ddd8000)]
  0x00007fe3685b1000 JavaThread "Catalina-utility-1" [_thread_blocked, id=38163, stack(0x000070000dfe1000,0x000070000e0e1000)]
  0x00007fe369a9f800 JavaThread "Catalina-utility-2" [_thread_blocked, id=29187, stack(0x000070000e0e4000,0x000070000e1e4000)]
  0x00007fe3699e3000 JavaThread "container-0" [_thread_blocked, id=37635, stack(0x000070000e1e7000,0x000070000e2e7000)]
  0x00007fe36723b000 JavaThread "File Watcher" daemon [_thread_blocked, id=33827, stack(0x000070000e2ea000,0x000070000e3ea000)]
  0x00007fe36856e000 JavaThread "Live Reload Server" daemon [_thread_in_native, id=32039, stack(0x000070000e3ed000,0x000070000e4ed000)]
  0x00007fe367234000 JavaThread "http-nio-8080-exec-1" daemon [_thread_blocked, id=29999, stack(0x000070000e4f0000,0x000070000e5f0000)]
  0x00007fe36877e000 JavaThread "http-nio-8080-exec-2" daemon [_thread_blocked, id=30243, stack(0x000070000e5f3000,0x000070000e6f3000)]
  0x00007fe368560000 JavaThread "http-nio-8080-exec-3" daemon [_thread_blocked, id=32531, stack(0x000070000e6f6000,0x000070000e7f6000)]
  0x00007fe368569000 JavaThread "http-nio-8080-exec-4" daemon [_thread_blocked, id=37419, stack(0x000070000e7f9000,0x000070000e8f9000)]
  0x00007fe368747000 JavaThread "http-nio-8080-exec-5" daemon [_thread_blocked, id=31011, stack(0x000070000e8fc000,0x000070000e9fc000)]
  0x00007fe3685c8000 JavaThread "http-nio-8080-exec-6" daemon [_thread_blocked, id=35363, stack(0x000070000e9ff000,0x000070000eaff000)]
  0x00007fe3671d2800 JavaThread "http-nio-8080-exec-7" daemon [_thread_blocked, id=34583, stack(0x000070000eb02000,0x000070000ec02000)]
  0x00007fe367a66800 JavaThread "http-nio-8080-exec-8" daemon [_thread_blocked, id=33027, stack(0x000070000ec05000,0x000070000ed05000)]
  0x00007fe367b24800 JavaThread "http-nio-8080-exec-9" daemon [_thread_blocked, id=43779, stack(0x000070000ed08000,0x000070000ee08000)]
  0x00007fe369e33000 JavaThread "http-nio-8080-exec-10" daemon [_thread_blocked, id=86531, stack(0x000070000ee0b000,0x000070000ef0b000)]
  0x00007fe3685a2800 JavaThread "http-nio-8080-Poller" daemon [_thread_in_native, id=85763, stack(0x000070000ef0e000,0x000070000f00e000)]
  0x00007fe369a4e000 JavaThread "DestroyJavaVM" [_thread_blocked, id=9731, stack(0x000070000c38a000,0x000070000c48a000)]
  0x00007fe3686aa000 JavaThread "SIGINT handler" daemon [_thread_blocked, id=39451, stack(0x000070000d8cc000,0x000070000d9cc000)]
  0x00007fe369e35800 JavaThread "SpringApplicationShutdownHook" [_thread_blocked, id=26647, stack(0x000070000dad2000,0x000070000dbd2000)]

Other Threads:
  0x00007fe3678ad800 VMThread "VM Thread" [stack: 0x000070000c99c000,0x000070000ca9c000] [id=13315]
  0x00007fe36999c000 WatcherThread [stack: 0x000070000d4c0000,0x000070000d5c0000] [id=24835]
  0x00007fe36781b000 GCTaskThread "GC Thread#0" [stack: 0x000070000c48d000,0x000070000c58d000] [id=20739]
  0x00007fe3681eb000 GCTaskThread "GC Thread#1" [stack: 0x000070000d5c3000,0x000070000d6c3000] [id=25347]
  0x00007fe3681de000 GCTaskThread "GC Thread#2" [stack: 0x000070000d6c6000,0x000070000d7c6000] [id=25859]
  0x00007fe3682a0800 GCTaskThread "GC Thread#3" [stack: 0x000070000dddb000,0x000070000dedb000] [id=27907]
  0x00007fe367854800 ConcurrentGCThread "G1 Main Marker" [stack: 0x000070000c590000,0x000070000c690000] [id=20227]
  0x00007fe367855800 ConcurrentGCThread "G1 Conc#0" [stack: 0x000070000c693000,0x000070000c793000] [id=19459]
=>0x00007fe3678a6000 ConcurrentGCThread "G1 Refine#0" [stack: 0x000070000c796000,0x000070000c896000] [id=12035]
  0x00007fe3678a7000 ConcurrentGCThread "G1 Young RemSet Sampling" [stack: 0x000070000c899000,0x000070000c999000] [id=12547]

Threads with active compile tasks:

VM state:not at safepoint (normal execution)

VM Mutex/Monitor currently owned by a thread: None

Heap address: 0x0000000780000000, size: 2048 MB, Compressed Oops mode: Zero based, Oop shift amount: 3
Narrow klass base: 0x0000000800000000, Narrow klass shift: 0
Compressed class space size: 1073741824 Address: 0x0000000800000000

Heap:
 garbage-first heap   total 227328K, used 118262K [0x0000000780000000, 0x0000000800000000)
  region size 1024K, 90 young (92160K), 5 survivors (5120K)
 Metaspace       used 72904K, capacity 75331K, committed 75732K, reserved 1114112K
  class space    used 9378K, capacity 10326K, committed 10444K, reserved 1048576K
Heap Regions: E=young(eden), S=young(survivor), O=old, HS=humongous(starts), HC=humongous(continues), CS=collection set, F=free, A=archive, TAMS=top-at-mark-start (previous, next)
|   0|0x0000000780000000, 0x0000000780100000, 0x0000000780100000|100%|HS|  |TAMS 0x0000000780100000, 0x0000000780000000| Complete 
|   1|0x0000000780100000, 0x0000000780200000, 0x0000000780200000|100%| O|  |TAMS 0x0000000780200000, 0x0000000780100000| Untracked 
|   2|0x0000000780200000, 0x0000000780300000, 0x0000000780300000|100%| O|  |TAMS 0x0000000780300000, 0x0000000780200000| Untracked 
|   3|0x0000000780300000, 0x0000000780400000, 0x0000000780400000|100%| O|  |TAMS 0x0000000780400000, 0x0000000780300000| Untracked 
|   4|0x0000000780400000, 0x0000000780500000, 0x0000000780500000|100%| O|  |TAMS 0x0000000780500000, 0x0000000780400000| Untracked 
|   5|0x0000000780500000, 0x0000000780600000, 0x0000000780600000|100%| O|  |TAMS 0x0000000780600000, 0x0000000780500000| Untracked 
|   6|0x0000000780600000, 0x0000000780700000, 0x0000000780700000|100%| O|  |TAMS 0x0000000780700000, 0x0000000780600000| Untracked 
|   7|0x0000000780700000, 0x0000000780800000, 0x0000000780800000|100%| O|  |TAMS 0x0000000780800000, 0x0000000780700000| Untracked 
|   8|0x0000000780800000, 0x0000000780900000, 0x0000000780900000|100%| O|  |TAMS 0x0000000780900000, 0x0000000780800000| Untracked 
|   9|0x0000000780900000, 0x0000000780a00000, 0x0000000780a00000|100%| O|  |TAMS 0x0000000780a00000, 0x0000000780900000| Untracked 
|  10|0x0000000780a00000, 0x0000000780b00000, 0x0000000780b00000|100%| O|  |TAMS 0x0000000780b00000, 0x0000000780a00000| Untracked 
|  11|0x0000000780b00000, 0x0000000780c00000, 0x0000000780c00000|100%| O|  |TAMS 0x0000000780c00000, 0x0000000780b00000| Untracked 
|  12|0x0000000780c00000, 0x0000000780d00000, 0x0000000780d00000|100%| O|  |TAMS 0x0000000780d00000, 0x0000000780c00000| Untracked 
|  13|0x0000000780d00000, 0x0000000780e00000, 0x0000000780e00000|100%| O|  |TAMS 0x0000000780e00000, 0x0000000780d00000| Untracked 
|  14|0x0000000780e00000, 0x0000000780f00000, 0x0000000780f00000|100%| O|  |TAMS 0x0000000780f00000, 0x0000000780e00000| Untracked 
|  15|0x0000000780f00000, 0x0000000781000000, 0x0000000781000000|100%| O|  |TAMS 0x0000000781000000, 0x0000000780f00000| Untracked 
|  16|0x0000000781000000, 0x0000000781100000, 0x0000000781100000|100%| O|  |TAMS 0x0000000781100000, 0x0000000781000000| Untracked 
|  17|0x0000000781100000, 0x0000000781200000, 0x0000000781200000|100%| O|  |TAMS 0x0000000781200000, 0x0000000781100000| Untracked 
|  18|0x0000000781200000, 0x0000000781300000, 0x0000000781300000|100%| O|  |TAMS 0x0000000781300000, 0x0000000781200000| Untracked 
|  19|0x0000000781300000, 0x0000000781400000, 0x0000000781400000|100%| O|  |TAMS 0x0000000781400000, 0x0000000781300000| Untracked 
|  20|0x0000000781400000, 0x0000000781400000, 0x0000000781500000|  0%| F|  |TAMS 0x0000000781400000, 0x0000000781400000| Untracked 
|  21|0x0000000781500000, 0x0000000781500000, 0x0000000781600000|  0%| F|  |TAMS 0x0000000781500000, 0x0000000781500000| Untracked 
|  22|0x0000000781600000, 0x0000000781700000, 0x0000000781700000|100%| O|  |TAMS 0x00000007816e3800, 0x0000000781600000| Untracked 
|  23|0x0000000781700000, 0x0000000781800000, 0x0000000781800000|100%| O|  |TAMS 0x0000000781700000, 0x0000000781700000| Untracked 
|  24|0x0000000781800000, 0x0000000781900000, 0x0000000781900000|100%| O|  |TAMS 0x0000000781800000, 0x0000000781800000| Untracked 
|  25|0x0000000781900000, 0x0000000781a00000, 0x0000000781a00000|100%| O|  |TAMS 0x0000000781900000, 0x0000000781900000| Untracked 
|  26|0x0000000781a00000, 0x0000000781b00000, 0x0000000781b00000|100%| O|  |TAMS 0x0000000781a00000, 0x0000000781a00000| Untracked 
|  27|0x0000000781b00000, 0x0000000781c00000, 0x0000000781c00000|100%| O|  |TAMS 0x0000000781b00000, 0x0000000781b00000| Untracked 
|  28|0x0000000781c00000, 0x0000000781c86800, 0x0000000781d00000| 52%| O|  |TAMS 0x0000000781c00000, 0x0000000781c00000| Untracked 
|  29|0x0000000781d00000, 0x0000000781d00000, 0x0000000781e00000|  0%| F|  |TAMS 0x0000000781d00000, 0x0000000781d00000| Untracked 
|  30|0x0000000781e00000, 0x0000000781e00000, 0x0000000781f00000|  0%| F|  |TAMS 0x0000000781e00000, 0x0000000781e00000| Untracked 
|  31|0x0000000781f00000, 0x0000000781f00000, 0x0000000782000000|  0%| F|  |TAMS 0x0000000781f00000, 0x0000000781f00000| Untracked 
|  32|0x0000000782000000, 0x0000000782000000, 0x0000000782100000|  0%| F|  |TAMS 0x0000000782000000, 0x0000000782000000| Untracked 
|  33|0x0000000782100000, 0x0000000782100000, 0x0000000782200000|  0%| F|  |TAMS 0x0000000782100000, 0x0000000782100000| Untracked 
|  34|0x0000000782200000, 0x0000000782200000, 0x0000000782300000|  0%| F|  |TAMS 0x0000000782200000, 0x0000000782200000| Untracked 
|  35|0x0000000782300000, 0x0000000782300000, 0x0000000782400000|  0%| F|  |TAMS 0x0000000782300000, 0x0000000782300000| Untracked 
|  36|0x0000000782400000, 0x0000000782400000, 0x0000000782500000|  0%| F|  |TAMS 0x0000000782400000, 0x0000000782400000| Untracked 
|  37|0x0000000782500000, 0x0000000782500000, 0x0000000782600000|  0%| F|  |TAMS 0x0000000782500000, 0x0000000782500000| Untracked 
|  38|0x0000000782600000, 0x0000000782600000, 0x0000000782700000|  0%| F|  |TAMS 0x0000000782600000, 0x0000000782600000| Untracked 
|  39|0x0000000782700000, 0x0000000782700000, 0x0000000782800000|  0%| F|  |TAMS 0x0000000782700000, 0x0000000782700000| Untracked 
|  40|0x0000000782800000, 0x0000000782800000, 0x0000000782900000|  0%| F|  |TAMS 0x0000000782800000, 0x0000000782800000| Untracked 
|  41|0x0000000782900000, 0x0000000782900000, 0x0000000782a00000|  0%| F|  |TAMS 0x0000000782900000, 0x0000000782900000| Untracked 
|  42|0x0000000782a00000, 0x0000000782a00000, 0x0000000782b00000|  0%| F|  |TAMS 0x0000000782a00000, 0x0000000782a00000| Untracked 
|  43|0x0000000782b00000, 0x0000000782b00000, 0x0000000782c00000|  0%| F|  |TAMS 0x0000000782b00000, 0x0000000782b00000| Untracked 
|  44|0x0000000782c00000, 0x0000000782c00000, 0x0000000782d00000|  0%| F|  |TAMS 0x0000000782c00000, 0x0000000782c00000| Untracked 
|  45|0x0000000782d00000, 0x0000000782d00000, 0x0000000782e00000|  0%| F|  |TAMS 0x0000000782d00000, 0x0000000782d00000| Untracked 
|  46|0x0000000782e00000, 0x0000000782e00000, 0x0000000782f00000|  0%| F|  |TAMS 0x0000000782e00000, 0x0000000782e00000| Untracked 
|  47|0x0000000782f00000, 0x0000000782f00000, 0x0000000783000000|  0%| F|  |TAMS 0x0000000782f00000, 0x0000000782f00000| Untracked 
|  48|0x0000000783000000, 0x0000000783000000, 0x0000000783100000|  0%| F|  |TAMS 0x0000000783000000, 0x0000000783000000| Untracked 
|  49|0x0000000783100000, 0x0000000783100000, 0x0000000783200000|  0%| F|  |TAMS 0x0000000783100000, 0x0000000783100000| Untracked 
|  50|0x0000000783200000, 0x0000000783200000, 0x0000000783300000|  0%| F|  |TAMS 0x0000000783200000, 0x0000000783200000| Untracked 
|  51|0x0000000783300000, 0x0000000783300000, 0x0000000783400000|  0%| F|  |TAMS 0x0000000783300000, 0x0000000783300000| Untracked 
|  52|0x0000000783400000, 0x0000000783400000, 0x0000000783500000|  0%| F|  |TAMS 0x0000000783400000, 0x0000000783400000| Untracked 
|  53|0x0000000783500000, 0x0000000783500000, 0x0000000783600000|  0%| F|  |TAMS 0x0000000783500000, 0x0000000783500000| Untracked 
|  54|0x0000000783600000, 0x0000000783600000, 0x0000000783700000|  0%| F|  |TAMS 0x0000000783600000, 0x0000000783600000| Untracked 
|  55|0x0000000783700000, 0x0000000783700000, 0x0000000783800000|  0%| F|  |TAMS 0x0000000783700000, 0x0000000783700000| Untracked 
|  56|0x0000000783800000, 0x0000000783800000, 0x0000000783900000|  0%| F|  |TAMS 0x0000000783800000, 0x0000000783800000| Untracked 
|  57|0x0000000783900000, 0x0000000783900000, 0x0000000783a00000|  0%| F|  |TAMS 0x0000000783900000, 0x0000000783900000| Untracked 
|  58|0x0000000783a00000, 0x0000000783a00000, 0x0000000783b00000|  0%| F|  |TAMS 0x0000000783a00000, 0x0000000783a00000| Untracked 
|  59|0x0000000783b00000, 0x0000000783b00000, 0x0000000783c00000|  0%| F|  |TAMS 0x0000000783b00000, 0x0000000783b00000| Untracked 
|  60|0x0000000783c00000, 0x0000000783c00000, 0x0000000783d00000|  0%| F|  |TAMS 0x0000000783c00000, 0x0000000783c00000| Untracked 
|  61|0x0000000783d00000, 0x0000000783d00000, 0x0000000783e00000|  0%| F|  |TAMS 0x0000000783d00000, 0x0000000783d00000| Untracked 
|  62|0x0000000783e00000, 0x0000000783e00000, 0x0000000783f00000|  0%| F|  |TAMS 0x0000000783e00000, 0x0000000783e00000| Untracked 
|  63|0x0000000783f00000, 0x0000000783f00000, 0x0000000784000000|  0%| F|  |TAMS 0x0000000783f00000, 0x0000000783f00000| Untracked 
|  64|0x0000000784000000, 0x0000000784000000, 0x0000000784100000|  0%| F|  |TAMS 0x0000000784000000, 0x0000000784000000| Untracked 
|  65|0x0000000784100000, 0x0000000784100000, 0x0000000784200000|  0%| F|  |TAMS 0x0000000784100000, 0x0000000784100000| Untracked 
|  66|0x0000000784200000, 0x0000000784200000, 0x0000000784300000|  0%| F|  |TAMS 0x0000000784200000, 0x0000000784200000| Untracked 
|  67|0x0000000784300000, 0x0000000784300000, 0x0000000784400000|  0%| F|  |TAMS 0x0000000784300000, 0x0000000784300000| Untracked 
|  68|0x0000000784400000, 0x0000000784400000, 0x0000000784500000|  0%| F|  |TAMS 0x0000000784400000, 0x0000000784400000| Untracked 
|  69|0x0000000784500000, 0x0000000784500000, 0x0000000784600000|  0%| F|  |TAMS 0x0000000784500000, 0x0000000784500000| Untracked 
|  70|0x0000000784600000, 0x0000000784600000, 0x0000000784700000|  0%| F|  |TAMS 0x0000000784600000, 0x0000000784600000| Untracked 
|  71|0x0000000784700000, 0x0000000784700000, 0x0000000784800000|  0%| F|  |TAMS 0x0000000784700000, 0x0000000784700000| Untracked 
|  72|0x0000000784800000, 0x0000000784800000, 0x0000000784900000|  0%| F|  |TAMS 0x0000000784800000, 0x0000000784800000| Untracked 
|  73|0x0000000784900000, 0x00000007849f7120, 0x0000000784a00000| 96%| S|CS|TAMS 0x0000000784900000, 0x0000000784900000| Complete 
|  74|0x0000000784a00000, 0x0000000784b00000, 0x0000000784b00000|100%| S|CS|TAMS 0x0000000784a00000, 0x0000000784a00000| Complete 
|  75|0x0000000784b00000, 0x0000000784c00000, 0x0000000784c00000|100%| S|CS|TAMS 0x0000000784b00000, 0x0000000784b00000| Complete 
|  76|0x0000000784c00000, 0x0000000784d00000, 0x0000000784d00000|100%| S|CS|TAMS 0x0000000784c00000, 0x0000000784c00000| Complete 
|  77|0x0000000784d00000, 0x0000000784e00000, 0x0000000784e00000|100%| S|CS|TAMS 0x0000000784d00000, 0x0000000784d00000| Complete 
|  78|0x0000000784e00000, 0x0000000784e00000, 0x0000000784f00000|  0%| F|  |TAMS 0x0000000784e00000, 0x0000000784e00000| Untracked 
|  79|0x0000000784f00000, 0x0000000784f00000, 0x0000000785000000|  0%| F|  |TAMS 0x0000000784f00000, 0x0000000784f00000| Untracked 
|  80|0x0000000785000000, 0x0000000785000000, 0x0000000785100000|  0%| F|  |TAMS 0x0000000785000000, 0x0000000785000000| Untracked 
|  81|0x0000000785100000, 0x0000000785100000, 0x0000000785200000|  0%| F|  |TAMS 0x0000000785100000, 0x0000000785100000| Untracked 
|  82|0x0000000785200000, 0x0000000785200000, 0x0000000785300000|  0%| F|  |TAMS 0x0000000785200000, 0x0000000785200000| Untracked 
|  83|0x0000000785300000, 0x0000000785300000, 0x0000000785400000|  0%| F|  |TAMS 0x0000000785300000, 0x0000000785300000| Untracked 
|  84|0x0000000785400000, 0x0000000785400000, 0x0000000785500000|  0%| F|  |TAMS 0x0000000785400000, 0x0000000785400000| Untracked 
|  85|0x0000000785500000, 0x0000000785500000, 0x0000000785600000|  0%| F|  |TAMS 0x0000000785500000, 0x0000000785500000| Untracked 
|  86|0x0000000785600000, 0x0000000785600000, 0x0000000785700000|  0%| F|  |TAMS 0x0000000785600000, 0x0000000785600000| Untracked 
|  87|0x0000000785700000, 0x0000000785700000, 0x0000000785800000|  0%| F|  |TAMS 0x0000000785700000, 0x0000000785700000| Untracked 
|  88|0x0000000785800000, 0x0000000785800000, 0x0000000785900000|  0%| F|  |TAMS 0x0000000785800000, 0x0000000785800000| Untracked 
|  89|0x0000000785900000, 0x0000000785900000, 0x0000000785a00000|  0%| F|  |TAMS 0x0000000785900000, 0x0000000785900000| Untracked 
|  90|0x0000000785a00000, 0x0000000785a00000, 0x0000000785b00000|  0%| F|  |TAMS 0x0000000785a00000, 0x0000000785a00000| Untracked 
|  91|0x0000000785b00000, 0x0000000785b00000, 0x0000000785c00000|  0%| F|  |TAMS 0x0000000785b00000, 0x0000000785b00000| Untracked 
|  92|0x0000000785c00000, 0x0000000785c00000, 0x0000000785d00000|  0%| F|  |TAMS 0x0000000785c00000, 0x0000000785c00000| Untracked 
|  93|0x0000000785d00000, 0x0000000785d00000, 0x0000000785e00000|  0%| F|  |TAMS 0x0000000785d00000, 0x0000000785d00000| Untracked 
|  94|0x0000000785e00000, 0x0000000785e00000, 0x0000000785f00000|  0%| F|  |TAMS 0x0000000785e00000, 0x0000000785e00000| Untracked 
|  95|0x0000000785f00000, 0x0000000785f00000, 0x0000000786000000|  0%| F|  |TAMS 0x0000000785f00000, 0x0000000785f00000| Untracked 
|  96|0x0000000786000000, 0x0000000786000000, 0x0000000786100000|  0%| F|  |TAMS 0x0000000786000000, 0x0000000786000000| Untracked 
|  97|0x0000000786100000, 0x0000000786100000, 0x0000000786200000|  0%| F|  |TAMS 0x0000000786100000, 0x0000000786100000| Untracked 
|  98|0x0000000786200000, 0x0000000786200000, 0x0000000786300000|  0%| F|  |TAMS 0x0000000786200000, 0x0000000786200000| Untracked 
|  99|0x0000000786300000, 0x0000000786300000, 0x0000000786400000|  0%| F|  |TAMS 0x0000000786300000, 0x0000000786300000| Untracked 
| 100|0x0000000786400000, 0x0000000786400000, 0x0000000786500000|  0%| F|  |TAMS 0x0000000786400000, 0x0000000786400000| Untracked 
| 101|0x0000000786500000, 0x0000000786500000, 0x0000000786600000|  0%| F|  |TAMS 0x0000000786500000, 0x0000000786500000| Untracked 
| 102|0x0000000786600000, 0x0000000786600000, 0x0000000786700000|  0%| F|  |TAMS 0x0000000786600000, 0x0000000786600000| Untracked 
| 103|0x0000000786700000, 0x0000000786700000, 0x0000000786800000|  0%| F|  |TAMS 0x0000000786700000, 0x0000000786700000| Untracked 
| 104|0x0000000786800000, 0x0000000786800000, 0x0000000786900000|  0%| F|  |TAMS 0x0000000786800000, 0x0000000786800000| Untracked 
| 105|0x0000000786900000, 0x0000000786900000, 0x0000000786a00000|  0%| F|  |TAMS 0x0000000786900000, 0x0000000786900000| Untracked 
| 106|0x0000000786a00000, 0x0000000786a00000, 0x0000000786b00000|  0%| F|  |TAMS 0x0000000786a00000, 0x0000000786a00000| Untracked 
| 107|0x0000000786b00000, 0x0000000786b00000, 0x0000000786c00000|  0%| F|  |TAMS 0x0000000786b00000, 0x0000000786b00000| Untracked 
| 108|0x0000000786c00000, 0x0000000786c00000, 0x0000000786d00000|  0%| F|  |TAMS 0x0000000786c00000, 0x0000000786c00000| Untracked 
| 109|0x0000000786d00000, 0x0000000786d00000, 0x0000000786e00000|  0%| F|  |TAMS 0x0000000786d00000, 0x0000000786d00000| Untracked 
| 110|0x0000000786e00000, 0x0000000786e00000, 0x0000000786f00000|  0%| F|  |TAMS 0x0000000786e00000, 0x0000000786e00000| Untracked 
| 111|0x0000000786f00000, 0x0000000786f00000, 0x0000000787000000|  0%| F|  |TAMS 0x0000000786f00000, 0x0000000786f00000| Untracked 
| 112|0x0000000787000000, 0x0000000787000000, 0x0000000787100000|  0%| F|  |TAMS 0x0000000787000000, 0x0000000787000000| Untracked 
| 113|0x0000000787100000, 0x0000000787100000, 0x0000000787200000|  0%| F|  |TAMS 0x0000000787100000, 0x0000000787100000| Untracked 
| 114|0x0000000787200000, 0x0000000787200000, 0x0000000787300000|  0%| F|  |TAMS 0x0000000787200000, 0x0000000787200000| Untracked 
| 115|0x0000000787300000, 0x0000000787300000, 0x0000000787400000|  0%| F|  |TAMS 0x0000000787300000, 0x0000000787300000| Untracked 
| 116|0x0000000787400000, 0x0000000787400000, 0x0000000787500000|  0%| F|  |TAMS 0x0000000787400000, 0x0000000787400000| Untracked 
| 117|0x0000000787500000, 0x0000000787500000, 0x0000000787600000|  0%| F|  |TAMS 0x0000000787500000, 0x0000000787500000| Untracked 
| 118|0x0000000787600000, 0x0000000787600000, 0x0000000787700000|  0%| F|  |TAMS 0x0000000787600000, 0x0000000787600000| Untracked 
| 119|0x0000000787700000, 0x0000000787700000, 0x0000000787800000|  0%| F|  |TAMS 0x0000000787700000, 0x0000000787700000| Untracked 
| 120|0x0000000787800000, 0x0000000787800000, 0x0000000787900000|  0%| F|  |TAMS 0x0000000787800000, 0x0000000787800000| Untracked 
| 121|0x0000000787900000, 0x0000000787900000, 0x0000000787a00000|  0%| F|  |TAMS 0x0000000787900000, 0x0000000787900000| Untracked 
| 122|0x0000000787a00000, 0x0000000787a00000, 0x0000000787b00000|  0%| F|  |TAMS 0x0000000787a00000, 0x0000000787a00000| Untracked 
| 123|0x0000000787b00000, 0x0000000787b00000, 0x0000000787c00000|  0%| F|  |TAMS 0x0000000787b00000, 0x0000000787b00000| Untracked 
| 124|0x0000000787c00000, 0x0000000787c00000, 0x0000000787d00000|  0%| F|  |TAMS 0x0000000787c00000, 0x0000000787c00000| Untracked 
| 125|0x0000000787d00000, 0x0000000787d00000, 0x0000000787e00000|  0%| F|  |TAMS 0x0000000787d00000, 0x0000000787d00000| Untracked 
| 126|0x0000000787e00000, 0x0000000787e00000, 0x0000000787f00000|  0%| F|  |TAMS 0x0000000787e00000, 0x0000000787e00000| Untracked 
| 127|0x0000000787f00000, 0x0000000787f00000, 0x0000000788000000|  0%| F|  |TAMS 0x0000000787f00000, 0x0000000787f00000| Untracked 
| 128|0x0000000788000000, 0x0000000788000000, 0x0000000788100000|  0%| F|  |TAMS 0x0000000788000000, 0x0000000788000000| Untracked 
| 129|0x0000000788100000, 0x0000000788100000, 0x0000000788200000|  0%| F|  |TAMS 0x0000000788100000, 0x0000000788100000| Untracked 
| 130|0x0000000788200000, 0x0000000788200000, 0x0000000788300000|  0%| F|  |TAMS 0x0000000788200000, 0x0000000788200000| Untracked 
| 131|0x0000000788300000, 0x0000000788300000, 0x0000000788400000|  0%| F|  |TAMS 0x0000000788300000, 0x0000000788300000| Untracked 
| 132|0x0000000788400000, 0x0000000788400000, 0x0000000788500000|  0%| F|  |TAMS 0x0000000788400000, 0x0000000788400000| Untracked 
| 133|0x0000000788500000, 0x0000000788500000, 0x0000000788600000|  0%| F|  |TAMS 0x0000000788500000, 0x0000000788500000| Untracked 
| 134|0x0000000788600000, 0x0000000788600000, 0x0000000788700000|  0%| F|  |TAMS 0x0000000788600000, 0x0000000788600000| Untracked 
| 135|0x0000000788700000, 0x0000000788700000, 0x0000000788800000|  0%| F|  |TAMS 0x0000000788700000, 0x0000000788700000| Untracked 
| 136|0x0000000788800000, 0x0000000788800000, 0x0000000788900000|  0%| F|  |TAMS 0x0000000788800000, 0x0000000788800000| Untracked 
| 137|0x0000000788900000, 0x00000007889d4678, 0x0000000788a00000| 82%| E|  |TAMS 0x0000000788900000, 0x0000000788900000| Complete 
| 138|0x0000000788a00000, 0x0000000788b00000, 0x0000000788b00000|100%| E|CS|TAMS 0x0000000788a00000, 0x0000000788a00000| Complete 
| 139|0x0000000788b00000, 0x0000000788c00000, 0x0000000788c00000|100%| E|CS|TAMS 0x0000000788b00000, 0x0000000788b00000| Complete 
| 140|0x0000000788c00000, 0x0000000788d00000, 0x0000000788d00000|100%| E|CS|TAMS 0x0000000788c00000, 0x0000000788c00000| Complete 
| 141|0x0000000788d00000, 0x0000000788e00000, 0x0000000788e00000|100%| E|CS|TAMS 0x0000000788d00000, 0x0000000788d00000| Complete 
| 142|0x0000000788e00000, 0x0000000788f00000, 0x0000000788f00000|100%| E|CS|TAMS 0x0000000788e00000, 0x0000000788e00000| Complete 
| 143|0x0000000788f00000, 0x0000000789000000, 0x0000000789000000|100%| E|CS|TAMS 0x0000000788f00000, 0x0000000788f00000| Complete 
| 144|0x0000000789000000, 0x0000000789100000, 0x0000000789100000|100%| E|CS|TAMS 0x0000000789000000, 0x0000000789000000| Complete 
| 145|0x0000000789100000, 0x0000000789200000, 0x0000000789200000|100%| E|CS|TAMS 0x0000000789100000, 0x0000000789100000| Complete 
| 146|0x0000000789200000, 0x0000000789300000, 0x0000000789300000|100%| E|CS|TAMS 0x0000000789200000, 0x0000000789200000| Complete 
| 147|0x0000000789300000, 0x0000000789400000, 0x0000000789400000|100%| E|CS|TAMS 0x0000000789300000, 0x0000000789300000| Complete 
| 148|0x0000000789400000, 0x0000000789500000, 0x0000000789500000|100%| E|CS|TAMS 0x0000000789400000, 0x0000000789400000| Complete 
| 149|0x0000000789500000, 0x0000000789600000, 0x0000000789600000|100%| E|CS|TAMS 0x0000000789500000, 0x0000000789500000| Complete 
| 150|0x0000000789600000, 0x0000000789700000, 0x0000000789700000|100%| E|CS|TAMS 0x0000000789600000, 0x0000000789600000| Complete 
| 151|0x0000000789700000, 0x0000000789800000, 0x0000000789800000|100%| E|CS|TAMS 0x0000000789700000, 0x0000000789700000| Complete 
| 152|0x0000000789800000, 0x0000000789900000, 0x0000000789900000|100%| E|CS|TAMS 0x0000000789800000, 0x0000000789800000| Complete 
| 153|0x0000000789900000, 0x0000000789a00000, 0x0000000789a00000|100%| E|CS|TAMS 0x0000000789900000, 0x0000000789900000| Complete 
| 154|0x0000000789a00000, 0x0000000789b00000, 0x0000000789b00000|100%| E|CS|TAMS 0x0000000789a00000, 0x0000000789a00000| Complete 
| 155|0x0000000789b00000, 0x0000000789c00000, 0x0000000789c00000|100%| E|CS|TAMS 0x0000000789b00000, 0x0000000789b00000| Complete 
| 156|0x0000000789c00000, 0x0000000789d00000, 0x0000000789d00000|100%| E|CS|TAMS 0x0000000789c00000, 0x0000000789c00000| Complete 
| 157|0x0000000789d00000, 0x0000000789e00000, 0x0000000789e00000|100%| E|CS|TAMS 0x0000000789d00000, 0x0000000789d00000| Complete 
| 158|0x0000000789e00000, 0x0000000789f00000, 0x0000000789f00000|100%| E|CS|TAMS 0x0000000789e00000, 0x0000000789e00000| Complete 
| 159|0x0000000789f00000, 0x000000078a000000, 0x000000078a000000|100%| E|CS|TAMS 0x0000000789f00000, 0x0000000789f00000| Complete 
| 160|0x000000078a000000, 0x000000078a100000, 0x000000078a100000|100%| E|CS|TAMS 0x000000078a000000, 0x000000078a000000| Complete 
| 161|0x000000078a100000, 0x000000078a200000, 0x000000078a200000|100%| E|CS|TAMS 0x000000078a100000, 0x000000078a100000| Complete 
| 162|0x000000078a200000, 0x000000078a300000, 0x000000078a300000|100%| E|CS|TAMS 0x000000078a200000, 0x000000078a200000| Complete 
| 163|0x000000078a300000, 0x000000078a400000, 0x000000078a400000|100%| E|CS|TAMS 0x000000078a300000, 0x000000078a300000| Complete 
| 164|0x000000078a400000, 0x000000078a500000, 0x000000078a500000|100%| E|CS|TAMS 0x000000078a400000, 0x000000078a400000| Complete 
| 165|0x000000078a500000, 0x000000078a600000, 0x000000078a600000|100%| E|CS|TAMS 0x000000078a500000, 0x000000078a500000| Complete 
| 166|0x000000078a600000, 0x000000078a700000, 0x000000078a700000|100%| E|CS|TAMS 0x000000078a600000, 0x000000078a600000| Complete 
| 167|0x000000078a700000, 0x000000078a800000, 0x000000078a800000|100%| E|CS|TAMS 0x000000078a700000, 0x000000078a700000| Complete 
| 168|0x000000078a800000, 0x000000078a900000, 0x000000078a900000|100%| E|CS|TAMS 0x000000078a800000, 0x000000078a800000| Complete 
| 169|0x000000078a900000, 0x000000078aa00000, 0x000000078aa00000|100%| E|CS|TAMS 0x000000078a900000, 0x000000078a900000| Complete 
| 170|0x000000078aa00000, 0x000000078ab00000, 0x000000078ab00000|100%| E|CS|TAMS 0x000000078aa00000, 0x000000078aa00000| Complete 
| 171|0x000000078ab00000, 0x000000078ac00000, 0x000000078ac00000|100%| E|CS|TAMS 0x000000078ab00000, 0x000000078ab00000| Complete 
| 172|0x000000078ac00000, 0x000000078ad00000, 0x000000078ad00000|100%| E|CS|TAMS 0x000000078ac00000, 0x000000078ac00000| Complete 
| 173|0x000000078ad00000, 0x000000078ae00000, 0x000000078ae00000|100%| E|CS|TAMS 0x000000078ad00000, 0x000000078ad00000| Complete 
| 174|0x000000078ae00000, 0x000000078af00000, 0x000000078af00000|100%| E|CS|TAMS 0x000000078ae00000, 0x000000078ae00000| Complete 
| 175|0x000000078af00000, 0x000000078b000000, 0x000000078b000000|100%| E|CS|TAMS 0x000000078af00000, 0x000000078af00000| Complete 
| 176|0x000000078b000000, 0x000000078b100000, 0x000000078b100000|100%| E|CS|TAMS 0x000000078b000000, 0x000000078b000000| Complete 
| 177|0x000000078b100000, 0x000000078b200000, 0x000000078b200000|100%| E|CS|TAMS 0x000000078b100000, 0x000000078b100000| Complete 
| 178|0x000000078b200000, 0x000000078b300000, 0x000000078b300000|100%| E|CS|TAMS 0x000000078b200000, 0x000000078b200000| Complete 
| 179|0x000000078b300000, 0x000000078b400000, 0x000000078b400000|100%| E|CS|TAMS 0x000000078b300000, 0x000000078b300000| Complete 
| 180|0x000000078b400000, 0x000000078b500000, 0x000000078b500000|100%| E|CS|TAMS 0x000000078b400000, 0x000000078b400000| Complete 
| 181|0x000000078b500000, 0x000000078b600000, 0x000000078b600000|100%| E|CS|TAMS 0x000000078b500000, 0x000000078b500000| Complete 
| 182|0x000000078b600000, 0x000000078b700000, 0x000000078b700000|100%| E|CS|TAMS 0x000000078b600000, 0x000000078b600000| Complete 
| 183|0x000000078b700000, 0x000000078b800000, 0x000000078b800000|100%| E|CS|TAMS 0x000000078b700000, 0x000000078b700000| Complete 
| 184|0x000000078b800000, 0x000000078b900000, 0x000000078b900000|100%| E|CS|TAMS 0x000000078b800000, 0x000000078b800000| Complete 
| 185|0x000000078b900000, 0x000000078ba00000, 0x000000078ba00000|100%| E|CS|TAMS 0x000000078b900000, 0x000000078b900000| Complete 
| 186|0x000000078ba00000, 0x000000078bb00000, 0x000000078bb00000|100%| E|CS|TAMS 0x000000078ba00000, 0x000000078ba00000| Complete 
| 187|0x000000078bb00000, 0x000000078bc00000, 0x000000078bc00000|100%| E|CS|TAMS 0x000000078bb00000, 0x000000078bb00000| Complete 
| 188|0x000000078bc00000, 0x000000078bd00000, 0x000000078bd00000|100%| E|CS|TAMS 0x000000078bc00000, 0x000000078bc00000| Complete 
| 189|0x000000078bd00000, 0x000000078be00000, 0x000000078be00000|100%| E|CS|TAMS 0x000000078bd00000, 0x000000078bd00000| Complete 
| 190|0x000000078be00000, 0x000000078bf00000, 0x000000078bf00000|100%| E|CS|TAMS 0x000000078be00000, 0x000000078be00000| Complete 
| 191|0x000000078bf00000, 0x000000078c000000, 0x000000078c000000|100%| E|CS|TAMS 0x000000078bf00000, 0x000000078bf00000| Complete 
| 192|0x000000078c000000, 0x000000078c100000, 0x000000078c100000|100%| E|CS|TAMS 0x000000078c000000, 0x000000078c000000| Complete 
| 193|0x000000078c100000, 0x000000078c200000, 0x000000078c200000|100%| E|CS|TAMS 0x000000078c100000, 0x000000078c100000| Complete 
| 194|0x000000078c200000, 0x000000078c300000, 0x000000078c300000|100%| E|CS|TAMS 0x000000078c200000, 0x000000078c200000| Complete 
| 195|0x000000078c300000, 0x000000078c400000, 0x000000078c400000|100%| E|CS|TAMS 0x000000078c300000, 0x000000078c300000| Complete 
| 196|0x000000078c400000, 0x000000078c500000, 0x000000078c500000|100%| E|CS|TAMS 0x000000078c400000, 0x000000078c400000| Complete 
| 197|0x000000078c500000, 0x000000078c600000, 0x000000078c600000|100%| E|CS|TAMS 0x000000078c500000, 0x000000078c500000| Complete 
| 198|0x000000078c600000, 0x000000078c700000, 0x000000078c700000|100%| E|CS|TAMS 0x000000078c600000, 0x000000078c600000| Complete 
| 199|0x000000078c700000, 0x000000078c800000, 0x000000078c800000|100%| E|CS|TAMS 0x000000078c700000, 0x000000078c700000| Complete 
| 200|0x000000078c800000, 0x000000078c900000, 0x000000078c900000|100%| E|CS|TAMS 0x000000078c800000, 0x000000078c800000| Complete 
| 201|0x000000078c900000, 0x000000078ca00000, 0x000000078ca00000|100%| E|CS|TAMS 0x000000078c900000, 0x000000078c900000| Complete 
| 202|0x000000078ca00000, 0x000000078cb00000, 0x000000078cb00000|100%| E|CS|TAMS 0x000000078ca00000, 0x000000078ca00000| Complete 
| 203|0x000000078cb00000, 0x000000078cc00000, 0x000000078cc00000|100%| E|CS|TAMS 0x000000078cb00000, 0x000000078cb00000| Complete 
| 204|0x000000078cc00000, 0x000000078cd00000, 0x000000078cd00000|100%| E|CS|TAMS 0x000000078cc00000, 0x000000078cc00000| Complete 
| 205|0x000000078cd00000, 0x000000078ce00000, 0x000000078ce00000|100%| E|CS|TAMS 0x000000078cd00000, 0x000000078cd00000| Complete 
| 206|0x000000078ce00000, 0x000000078cf00000, 0x000000078cf00000|100%| E|CS|TAMS 0x000000078ce00000, 0x000000078ce00000| Complete 
| 207|0x000000078cf00000, 0x000000078d000000, 0x000000078d000000|100%| E|CS|TAMS 0x000000078cf00000, 0x000000078cf00000| Complete 
| 208|0x000000078d000000, 0x000000078d100000, 0x000000078d100000|100%| E|CS|TAMS 0x000000078d000000, 0x000000078d000000| Complete 
| 209|0x000000078d100000, 0x000000078d200000, 0x000000078d200000|100%| E|CS|TAMS 0x000000078d100000, 0x000000078d100000| Complete 
| 210|0x000000078d200000, 0x000000078d300000, 0x000000078d300000|100%| E|CS|TAMS 0x000000078d200000, 0x000000078d200000| Complete 
| 211|0x000000078d300000, 0x000000078d400000, 0x000000078d400000|100%| E|CS|TAMS 0x000000078d300000, 0x000000078d300000| Complete 
| 212|0x000000078d400000, 0x000000078d500000, 0x000000078d500000|100%| E|CS|TAMS 0x000000078d400000, 0x000000078d400000| Complete 
| 213|0x000000078d500000, 0x000000078d600000, 0x000000078d600000|100%| E|CS|TAMS 0x000000078d500000, 0x000000078d500000| Complete 
| 214|0x000000078d600000, 0x000000078d700000, 0x000000078d700000|100%| E|CS|TAMS 0x000000078d600000, 0x000000078d600000| Complete 
| 215|0x000000078d700000, 0x000000078d800000, 0x000000078d800000|100%| E|CS|TAMS 0x000000078d700000, 0x000000078d700000| Complete 
| 216|0x000000078d800000, 0x000000078d900000, 0x000000078d900000|100%| E|CS|TAMS 0x000000078d800000, 0x000000078d800000| Complete 
| 217|0x000000078d900000, 0x000000078da00000, 0x000000078da00000|100%| E|CS|TAMS 0x000000078d900000, 0x000000078d900000| Complete 
| 218|0x000000078da00000, 0x000000078db00000, 0x000000078db00000|100%| E|CS|TAMS 0x000000078da00000, 0x000000078da00000| Complete 
| 219|0x000000078db00000, 0x000000078dc00000, 0x000000078dc00000|100%| E|CS|TAMS 0x000000078db00000, 0x000000078db00000| Complete 
| 220|0x000000078dc00000, 0x000000078dd00000, 0x000000078dd00000|100%| E|CS|TAMS 0x000000078dc00000, 0x000000078dc00000| Complete 
| 221|0x000000078dd00000, 0x000000078de00000, 0x000000078de00000|100%| E|CS|TAMS 0x000000078dd00000, 0x000000078dd00000| Complete 

Card table byte_map: [0x0000000108c5c000,0x000000010905c000] _byte_map_base: 0x000000010505c000

Marking Bits (Prev, Next): (CMBitMap*) 0x00007fe36784be18, (CMBitMap*) 0x00007fe36784be50
 Prev Bits: [0x00000001237e0000, 0x00000001257e0000)
 Next Bits: [0x00000001257e0000, 0x00000001277e0000)

Polling page: 0x00000001085c3000

Metaspace:

Usage:
  Non-class:     63.48 MB capacity,    62.04 MB ( 98%) used,     1.17 MB (  2%) free+waste,   284.31 KB ( <1%) overhead. 
      Class:     10.08 MB capacity,     9.16 MB ( 91%) used,   809.98 KB (  8%) free+waste,   137.88 KB (  1%) overhead. 
       Both:     73.57 MB capacity,    71.20 MB ( 97%) used,     1.96 MB (  3%) free+waste,   422.19 KB ( <1%) overhead. 

Virtual space:
  Non-class space:       64.00 MB reserved,      63.76 MB (>99%) committed 
      Class space:        1.00 GB reserved,      10.20 MB ( <1%) committed 
             Both:        1.06 GB reserved,      73.96 MB (  7%) committed 

Chunk freelists:
   Non-Class:  35.00 KB
       Class:  10.00 KB
        Both:  45.00 KB

MaxMetaspaceSize: unlimited
CompressedClassSpaceSize: 1.00 GB
Initial GC threshold: 20.80 MB
Current GC threshold: 102.64 MB
CDS: off

CodeHeap 'non-profiled nmethods': size=238948Kb used=10163Kb max_used=10163Kb free=228784Kb
 bounds [0x0000000114e87000, 0x0000000115877000, 0x00000001237e0000]
CodeHeap 'non-nmethods': size=6812Kb used=1345Kb max_used=1345Kb free=5466Kb
 bounds [0x00000001147e0000, 0x0000000114a50000, 0x0000000114e87000]
 total_blobs=6875 nmethods=6208 adapters=594
 compilation: enabled
              stopped_count=0, restarted_count=0
 full_count=0

Compilation events (20 events):
Event: 1803.021 Thread 0x00007fe36803e000 6218       1       java.text.DecimalFormatSymbols::getGroupingSeparator (5 bytes)
Event: 1803.022 Thread 0x00007fe36803e000 nmethod 6218 0x0000000115870990 code [0x0000000115870b40, 0x0000000115870bf0]
Event: 1898.098 Thread 0x00007fe36803e000 6219       1       com.zaxxer.hikari.pool.HikariPool::access$400 (5 bytes)
Event: 1898.107 Thread 0x00007fe36803e000 nmethod 6219 0x0000000115870c90 code [0x0000000115870e40, 0x0000000115870ed0]
Event: 2040.773 Thread 0x00007fe36803e000 6220       1       java.util.TreeSet::<init> (10 bytes)
Event: 2040.777 Thread 0x00007fe36803e000 nmethod 6220 0x0000000115870f90 code [0x0000000115871140, 0x0000000115871250]
Event: 2048.111 Thread 0x00007fe36803e000 6221       1       java.util.concurrent.LinkedBlockingQueue::size (8 bytes)
Event: 2048.120 Thread 0x00007fe36803e000 nmethod 6221 0x0000000115871310 code [0x00000001158714c0, 0x0000000115871570]
Event: 2242.582 Thread 0x00007fe36803e000 6222       1       java.util.logging.LogManager::checkPermission (16 bytes)
Event: 2242.583 Thread 0x00007fe36803e000 nmethod 6222 0x0000000115871610 code [0x00000001158717c0, 0x00000001158718c0]
Event: 2242.586 Thread 0x00007fe36803e000 6223   !   1       java.util.logging.LogManager$LoggerContext::findLogger (113 bytes)
Event: 2242.592 Thread 0x00007fe36803e000 nmethod 6223 0x0000000115871990 code [0x0000000115871bc0, 0x0000000115872220]
Event: 2242.592 Thread 0x00007fe36803e000 6224       1       java.util.logging.Logger::updateEffectiveLevel (126 bytes)
Event: 2242.594 Thread 0x00007fe36803e000 nmethod 6224 0x0000000115872610 code [0x0000000115872820, 0x0000000115872b00]
Event: 2242.794 Thread 0x00007fe36803e000 6225       1       org.springframework.context.event.AbstractApplicationEventMulticaster::supportsEvent (52 bytes)
Event: 2242.800 Thread 0x00007fe36803e000 nmethod 6225 0x0000000115872d10 code [0x0000000115872f00, 0x0000000115873330]
Event: 2242.800 Thread 0x00007fe36803e000 6226       1       org.springframework.context.event.GenericApplicationListenerAdapter::resolveDeclaredEventType (57 bytes)
Event: 2242.811 Thread 0x00007fe36803e000 nmethod 6226 0x0000000115873510 code [0x0000000115873700, 0x0000000115873a00]
Event: 2243.059 Thread 0x00007fe36803e000 6227       1       org.apache.tomcat.util.net.Acceptor::getState (5 bytes)
Event: 2243.059 Thread 0x00007fe36803e000 nmethod 6227 0x0000000115873b90 code [0x0000000115873d40, 0x0000000115873df0]

GC Heap History (20 events):
Event: 3.120 GC heap before
{Heap before GC invocations=3 (full 0):
 garbage-first heap   total 131072K, used 32049K [0x0000000780000000, 0x0000000800000000)
  region size 1024K, 26 young (26624K), 3 survivors (3072K)
 Metaspace       used 20430K, capacity 21100K, committed 21296K, reserved 1069056K
  class space    used 2361K, capacity 2634K, committed 2688K, reserved 1048576K
}
Event: 3.132 GC heap after
{Heap after GC invocations=4 (full 0):
 garbage-first heap   total 131072K, used 10641K [0x0000000780000000, 0x0000000800000000)
  region size 1024K, 4 young (4096K), 4 survivors (4096K)
 Metaspace       used 20430K, capacity 21100K, committed 21296K, reserved 1069056K
  class space    used 2361K, capacity 2634K, committed 2688K, reserved 1048576K
}
Event: 4.380 GC heap before
{Heap before GC invocations=5 (full 0):
 garbage-first heap   total 131072K, used 83345K [0x0000000780000000, 0x0000000800000000)
  region size 1024K, 76 young (77824K), 4 survivors (4096K)
 Metaspace       used 27191K, capacity 28196K, committed 28464K, reserved 1075200K
  class space    used 3220K, capacity 3618K, committed 3712K, reserved 1048576K
}
Event: 4.395 GC heap after
{Heap after GC invocations=6 (full 0):
 garbage-first heap   total 157696K, used 13380K [0x0000000780000000, 0x0000000800000000)
  region size 1024K, 6 young (6144K), 6 survivors (6144K)
 Metaspace       used 27191K, capacity 28196K, committed 28464K, reserved 1075200K
  class space    used 3220K, capacity 3618K, committed 3712K, reserved 1048576K
}
Event: 5.924 GC heap before
{Heap before GC invocations=6 (full 0):
 garbage-first heap   total 157696K, used 101444K [0x0000000780000000, 0x0000000800000000)
  region size 1024K, 92 young (94208K), 6 survivors (6144K)
 Metaspace       used 34212K, capacity 35579K, committed 35920K, reserved 1081344K
  class space    used 4242K, capacity 4792K, committed 4864K, reserved 1048576K
}
Event: 5.940 GC heap after
{Heap after GC invocations=7 (full 0):
 garbage-first heap   total 157696K, used 17003K [0x0000000780000000, 0x0000000800000000)
  region size 1024K, 10 young (10240K), 10 survivors (10240K)
 Metaspace       used 34212K, capacity 35579K, committed 35920K, reserved 1081344K
  class space    used 4242K, capacity 4792K, committed 4864K, reserved 1048576K
}
Event: 5.961 GC heap before
{Heap before GC invocations=7 (full 0):
 garbage-first heap   total 157696K, used 17003K [0x0000000780000000, 0x0000000800000000)
  region size 1024K, 11 young (11264K), 10 survivors (10240K)
 Metaspace       used 34357K, capacity 35707K, committed 35920K, reserved 1081344K
  class space    used 4255K, capacity 4792K, committed 4864K, reserved 1048576K
}
Event: 5.983 GC heap after
{Heap after GC invocations=8 (full 0):
 garbage-first heap   total 157696K, used 17504K [0x0000000780000000, 0x0000000800000000)
  region size 1024K, 5 young (5120K), 5 survivors (5120K)
 Metaspace       used 34357K, capacity 35707K, committed 35920K, reserved 1081344K
  class space    used 4255K, capacity 4792K, committed 4864K, reserved 1048576K
}
Event: 8.054 GC heap before
{Heap before GC invocations=9 (full 0):
 garbage-first heap   total 157696K, used 106592K [0x0000000780000000, 0x0000000800000000)
  region size 1024K, 92 young (94208K), 5 survivors (5120K)
 Metaspace       used 46756K, capacity 48288K, committed 48592K, reserved 1091584K
  class space    used 5900K, capacity 6484K, committed 6528K, reserved 1048576K
}
Event: 8.067 GC heap after
{Heap after GC invocations=10 (full 0):
 garbage-first heap   total 157696K, used 21098K [0x0000000780000000, 0x0000000800000000)
  region size 1024K, 9 young (9216K), 9 survivors (9216K)
 Metaspace       used 46756K, capacity 48288K, committed 48592K, reserved 1091584K
  class space    used 5900K, capacity 6484K, committed 6528K, reserved 1048576K
}
Event: 10.127 GC heap before
{Heap before GC invocations=10 (full 0):
 garbage-first heap   total 157696K, used 106090K [0x0000000780000000, 0x0000000800000000)
  region size 1024K, 92 young (94208K), 9 survivors (9216K)
 Metaspace       used 57253K, capacity 59055K, committed 59216K, reserved 1099776K
  class space    used 7413K, capacity 8124K, committed 8192K, reserved 1048576K
}
Event: 10.146 GC heap after
{Heap after GC invocations=11 (full 0):
 garbage-first heap   total 189440K, used 25031K [0x0000000780000000, 0x0000000800000000)
  region size 1024K, 9 young (9216K), 9 survivors (9216K)
 Metaspace       used 57253K, capacity 59055K, committed 59216K, reserved 1099776K
  class space    used 7413K, capacity 8124K, committed 8192K, reserved 1048576K
}
Event: 10.443 GC heap before
{Heap before GC invocations=11 (full 0):
 garbage-first heap   total 189440K, used 38343K [0x0000000780000000, 0x0000000800000000)
  region size 1024K, 23 young (23552K), 9 survivors (9216K)
 Metaspace       used 58270K, capacity 60107K, committed 60296K, reserved 1101824K
  class space    used 7564K, capacity 8260K, committed 8320K, reserved 1048576K
}
Event: 10.460 GC heap after
{Heap after GC invocations=12 (full 0):
 garbage-first heap   total 189440K, used 25600K [0x0000000780000000, 0x0000000800000000)
  region size 1024K, 5 young (5120K), 5 survivors (5120K)
 Metaspace       used 58270K, capacity 60107K, committed 60296K, reserved 1101824K
  class space    used 7564K, capacity 8260K, committed 8320K, reserved 1048576K
}
Event: 11.297 GC heap before
{Heap before GC invocations=13 (full 0):
 garbage-first heap   total 189440K, used 136192K [0x0000000780000000, 0x0000000800000000)
  region size 1024K, 111 young (113664K), 5 survivors (5120K)
 Metaspace       used 60832K, capacity 62810K, committed 63060K, reserved 1103872K
  class space    used 7915K, capacity 8689K, committed 8780K, reserved 1048576K
}
Event: 11.321 GC heap after
{Heap after GC invocations=14 (full 0):
 garbage-first heap   total 189440K, used 35726K [0x0000000780000000, 0x0000000800000000)
  region size 1024K, 14 young (14336K), 14 survivors (14336K)
 Metaspace       used 60832K, capacity 62810K, committed 63060K, reserved 1103872K
  class space    used 7915K, capacity 8689K, committed 8780K, reserved 1048576K
}
Event: 11.781 GC heap before
{Heap before GC invocations=15 (full 0):
 garbage-first heap   total 189440K, used 136078K [0x0000000780000000, 0x0000000800000000)
  region size 1024K, 111 young (113664K), 14 survivors (14336K)
 Metaspace       used 61748K, capacity 63813K, committed 63956K, reserved 1103872K
  class space    used 8029K, capacity 8820K, committed 8908K, reserved 1048576K
}
Event: 11.795 GC heap after
{Heap after GC invocations=16 (full 0):
 garbage-first heap   total 189440K, used 29210K [0x0000000780000000, 0x0000000800000000)
  region size 1024K, 2 young (2048K), 2 survivors (2048K)
 Metaspace       used 61748K, capacity 63813K, committed 63956K, reserved 1103872K
  class space    used 8029K, capacity 8820K, committed 8908K, reserved 1048576K
}
Event: 708.417 GC heap before
{Heap before GC invocations=16 (full 0):
 garbage-first heap   total 189440K, used 135706K [0x0000000780000000, 0x0000000800000000)
  region size 1024K, 107 young (109568K), 2 survivors (2048K)
 Metaspace       used 72851K, capacity 75310K, committed 75732K, reserved 1114112K
  class space    used 9368K, capacity 10320K, committed 10444K, reserved 1048576K
}
Event: 708.495 GC heap after
{Heap after GC invocations=17 (full 0):
 garbage-first heap   total 227328K, used 32246K [0x0000000780000000, 0x0000000800000000)
  region size 1024K, 5 young (5120K), 5 survivors (5120K)
 Metaspace       used 72851K, capacity 75310K, committed 75732K, reserved 1114112K
  class space    used 9368K, capacity 10320K, committed 10444K, reserved 1048576K
}

Deoptimization events (8 events):
Event: 5.077 Thread 0x00007fe369af7000 DEOPT PACKING pc=0x00000001151af814 sp=0x000070000dcd2e00
Event: 5.077 Thread 0x00007fe369af7000 DEOPT UNPACKING pc=0x000000011482a64a sp=0x000070000dcd2388 mode 0
Event: 10.267 Thread 0x00007fe369af7000 DEOPT PACKING pc=0x00000001151e6d09 sp=0x000070000dccfd80
Event: 10.267 Thread 0x00007fe369af7000 DEOPT UNPACKING pc=0x000000011482a64a sp=0x000070000dccf2a8 mode 3
Event: 10.267 Thread 0x00007fe369af7000 DEOPT PACKING pc=0x00000001151e3d52 sp=0x000070000dccfd40
Event: 10.267 Thread 0x00007fe369af7000 DEOPT UNPACKING pc=0x000000011482a64a sp=0x000070000dccf2a8 mode 3
Event: 25.799 Thread 0x00007fe36877e000 DEOPT PACKING pc=0x0000000114ff8814 sp=0x000070000e6eddf0
Event: 25.799 Thread 0x00007fe36877e000 DEOPT UNPACKING pc=0x000000011482a64a sp=0x000070000e6ed328 mode 0

Classes redefined (0 events):
No events

Internal exceptions (20 events):
Event: 11.810 Thread 0x00007fe369af7000 Exception <a 'java/lang/NoSuchMethodError'{0x000000078b8eb1f0}: 'java.lang.Object java.lang.invoke.DirectMethodHandle$Holder.invokeStatic(java.lang.Object, java.lang.Object, int, java.lang.Object, int)'> (0x000000078b8eb1f0) thrown at [./src/hotspot/share/interpreter/linkResolver.cpp, line 773]
Event: 11.810 Thread 0x00007fe369af7000 Exception <a 'java/lang/NoSuchMethodError'{0x000000078b8ee9d0}: 'java.lang.Object java.lang.invoke.DirectMethodHandle$Holder.invokeSpecial(java.lang.Object, java.lang.Object, java.lang.Object, int, java.lang.Object, int)'> (0x000000078b8ee9d0) thrown at [./src/hotspot/share/interpreter/linkResolver.cpp, line 773]
Event: 11.812 Thread 0x00007fe369af7000 Exception <a 'java/lang/NoSuchMethodError'{0x000000078b8faad0}: 'void java.lang.invoke.DirectMethodHandle$Holder.invokeVirtual(java.lang.Object, java.lang.Object)'> (0x000000078b8faad0) thrown at [./src/hotspot/share/interpreter/linkResolver.cpp, line 773]
Event: 25.947 Thread 0x00007fe36877e000 Exception <a 'java/lang/NoSuchMethodError'{0x0000000789ea7a20}: 'java.lang.Object java.lang.invoke.DelegatingMethodHandle$Holder.reinvoke_L(java.lang.Object, java.lang.Object, int, int, java.lang.Object, java.lang.Object, java.lang.Object, java.lang.Object, java.lang.Object, java.lang.Object, java.lang.Object, java.lang.Object, java.lang.Object)'> (0x0000000789ea7a20) thrown at [./src/hotspot/share/interpreter/linkResolver.cpp, line 773]
Event: 25.952 Thread 0x00007fe36877e000 Exception <a 'java/lang/NoSuchMethodError'{0x0000000789d1f738}: 'java.lang.Object java.lang.invoke.DirectMethodHandle$Holder.invokeSpecial(java.lang.Object, java.lang.Object, int, int, java.lang.Object, java.lang.Object, java.lang.Object, java.lang.Object, java.lang.Object, java.lang.Object, java.lang.Object, java.lang.Object, java.lang.Object)'> (0x0000000789d1f738) thrown at [./src/hotspot/share/interpreter/linkResolver.cpp, line 773]
Event: 25.952 Thread 0x00007fe36877e000 Exception <a 'java/lang/NoSuchMethodError'{0x0000000789d241d8}: 'java.lang.Object java.lang.invoke.DelegatingMethodHandle$Holder.reinvoke_L(java.lang.Object, int, int, java.lang.Object, java.lang.Object, java.lang.Object, java.lang.Object, java.lang.Object, java.lang.Object, java.lang.Object, java.lang.Object, java.lang.Object)'> (0x0000000789d241d8) thrown at [./src/hotspot/share/interpreter/linkResolver.cpp, line 773]
Event: 25.963 Thread 0x00007fe36877e000 Exception <a 'java/lang/NoSuchMethodError'{0x0000000789c31748}: 'java.lang.Object java.lang.invoke.DirectMethodHandle$Holder.invokeSpecial(java.lang.Object, java.lang.Object, java.lang.Object, java.lang.Object, java.lang.Object, java.lang.Object, java.lang.Object, java.lang.Object, java.lang.Object, java.lang.Object, java.lang.Object)'> (0x0000000789c31748) thrown at [./src/hotspot/share/interpreter/linkResolver.cpp, line 773]
Event: 25.963 Thread 0x00007fe36877e000 Exception <a 'java/lang/NoSuchMethodError'{0x0000000789c3a950}: 'java.lang.Object java.lang.invoke.Invokers$Holder.linkToTargetMethod(java.lang.Object, java.lang.Object, java.lang.Object, java.lang.Object, java.lang.Object, java.lang.Object, java.lang.Object, java.lang.Object, java.lang.Object, java.lang.Object)'> (0x0000000789c3a950) thrown at [./src/hotspot/share/interpreter/linkResolver.cpp, line 773]
Event: 26.592 Thread 0x00007fe36877e000 Exception <a 'java/io/FileNotFoundException'{0x0000000788d7cb10}> (0x0000000788d7cb10) thrown at [./src/hotspot/share/prims/jni.cpp, line 617]
Event: 26.619 Thread 0x00007fe36877e000 Exception <a 'java/io/FileNotFoundException'{0x0000000788cc1860}> (0x0000000788cc1860) thrown at [./src/hotspot/share/prims/jni.cpp, line 617]
Event: 28.846 Thread 0x00007fe36877e000 Exception <a 'java/io/FileNotFoundException'{0x000000078827ba48}> (0x000000078827ba48) thrown at [./src/hotspot/share/prims/jni.cpp, line 617]
Event: 28.847 Thread 0x00007fe36877e000 Exception <a 'java/io/FileNotFoundException'{0x000000078827cd78}> (0x000000078827cd78) thrown at [./src/hotspot/share/prims/jni.cpp, line 617]
Event: 30.544 Thread 0x00007fe36877e000 Exception <a 'java/lang/ClassNotFoundException'{0x0000000787e00ea8}: java/lang/ObjectCustomizer> (0x0000000787e00ea8) thrown at [./src/hotspot/share/classfile/systemDictionary.cpp, line 230]
Event: 30.545 Thread 0x00007fe36877e000 Exception <a 'java/lang/ClassNotFoundException'{0x0000000787e20a68}: com/example/teamup/entity/BaseEntityCustomizer> (0x0000000787e20a68) thrown at [./src/hotspot/share/classfile/systemDictionary.cpp, line 230]
Event: 30.546 Thread 0x00007fe36877e000 Exception <a 'java/lang/ClassNotFoundException'{0x0000000787e40278}: com/example/teamup/entity/UserCustomizer> (0x0000000787e40278) thrown at [./src/hotspot/share/classfile/systemDictionary.cpp, line 230]
Event: 30.732 Thread 0x00007fe36877e000 Exception <a 'java/lang/ClassNotFoundException'{0x0000000787ca7b40}: java/lang/ObjectCustomizer> (0x0000000787ca7b40) thrown at [./src/hotspot/share/classfile/systemDictionary.cpp, line 230]
Event: 30.734 Thread 0x00007fe36877e000 Exception <a 'java/lang/ClassNotFoundException'{0x0000000787cc86a0}: com/example/teamup/dto/response/SignUpResponseDtoCustomizer> (0x0000000787cc86a0) thrown at [./src/hotspot/share/classfile/systemDictionary.cpp, line 230]
Event: 30.794 Thread 0x00007fe36877e000 Exception <a 'java/lang/NoSuchMethodError'{0x0000000787abbf80}: 'java.lang.Object java.lang.invoke.DirectMethodHandle$Holder.invokeSpecial(java.lang.Object, java.lang.Object, int, int, java.lang.Object, java.lang.Object, java.lang.Object, java.lang.Object, java.lang.Object)'> (0x0000000787abbf80) thrown at [./src/hotspot/share/interpreter/linkResolver.cpp, line 773]
Event: 30.795 Thread 0x00007fe36877e000 Exception <a 'java/lang/NoSuchMethodError'{0x0000000787ac0160}: 'java.lang.Object java.lang.invoke.DelegatingMethodHandle$Holder.reinvoke_L(java.lang.Object, int, int, java.lang.Object, java.lang.Object, java.lang.Object, java.lang.Object, java.lang.Object)'> (0x0000000787ac0160) thrown at [./src/hotspot/share/interpreter/linkResolver.cpp, line 773]
Event: 146.642 Thread 0x00007fe368747000 Exception <a 'java/lang/NoSuchMethodError'{0x0000000787081c48}: 'java.lang.Object java.lang.invoke.DirectMethodHandle$Holder.invokeStaticInit(java.lang.Object, java.lang.Object, java.lang.Object, java.lang.Object, java.lang.Object, java.lang.Object)'> (0x0000000787081c48) thrown at [./src/hotspot/share/interpreter/linkResolver.cpp, line 773]

Events (20 events):
Event: 2242.992 loading class org/springframework/boot/web/server/GracefulShutdownResult
Event: 2242.992 loading class org/springframework/boot/web/server/GracefulShutdownResult done
Event: 2242.992 loading class org/springframework/boot/web/server/GracefulShutdownCallback
Event: 2242.992 loading class org/springframework/boot/web/server/GracefulShutdownCallback done
Event: 2242.992 loading class org/springframework/boot/web/server/GracefulShutdownCallback
Event: 2242.992 loading class org/springframework/boot/web/server/GracefulShutdownCallback done
Event: 2243.008 Executing VM operation: RevokeBias
Event: 2243.008 Executing VM operation: RevokeBias done
Event: 2243.018 loading class java/net/NetworkInterface$1
Event: 2243.018 loading class java/net/NetworkInterface$1 done
Event: 2243.022 loading class java/net/InterfaceAddress
Event: 2243.026 loading class java/net/InterfaceAddress done
Event: 2243.026 loading class java/net/DefaultInterface
Event: 2243.027 loading class java/net/DefaultInterface done
Event: 2243.032 loading class java/net/NetworkInterface$2
Event: 2243.036 loading class java/net/NetworkInterface$2 done
Event: 2243.054 loading class java/net/URISyntaxException
Event: 2243.057 loading class java/net/URISyntaxException done
Event: 2243.063 Protecting memory [0x000070000f011000,0x000070000f015000] with protection modes 3
Event: 2243.063 Thread 0x00007fe369e2f800 Thread exited: 0x00007fe369e2f800


Dynamic libraries:
0x00000001085a4000 	/Users/decagon/Library/Java/JavaVirtualMachines/temurin-11.0.18/Contents/Home/lib/jli/libjli.dylib
0x00007ff8253e9000 	/System/Library/Frameworks/Cocoa.framework/Versions/A/Cocoa
0x00007ff811052000 	/System/Library/Frameworks/AppKit.framework/Versions/C/AppKit
0x00007ff814565000 	/System/Library/Frameworks/CoreData.framework/Versions/A/CoreData
0x00007ff80f456000 	/System/Library/Frameworks/Foundation.framework/Versions/C/Foundation
0x00007ff81937e000 	/usr/lib/libSystem.B.dylib
0x00007ff811ee1000 	/System/Library/PrivateFrameworks/UIFoundation.framework/Versions/A/UIFoundation
0x00007ff81f2ed000 	/System/Library/PrivateFrameworks/RemoteViewServices.framework/Versions/A/RemoteViewServices
0x00007ff8175d3000 	/System/Library/PrivateFrameworks/XCTTargetBootstrap.framework/Versions/A/XCTTargetBootstrap
0x00007ff81b185000 	/System/Library/PrivateFrameworks/InternationalSupport.framework/Versions/A/InternationalSupport
0x00007ff81b20f000 	/System/Library/PrivateFrameworks/UserActivity.framework/Versions/A/UserActivity
0x00007ff81a565000 	/usr/lib/libspindump.dylib
0x00007ff81216f000 	/System/Library/Frameworks/UniformTypeIdentifiers.framework/Versions/A/UniformTypeIdentifiers
0x00007ff815cfb000 	/usr/lib/libapp_launch_measurement.dylib
0x00007ff814f36000 	/System/Library/PrivateFrameworks/CoreAnalytics.framework/Versions/A/CoreAnalytics
0x00007ff815cfe000 	/System/Library/PrivateFrameworks/CoreAutoLayout.framework/Versions/A/CoreAutoLayout
0x00007ff816f2d000 	/System/Library/Frameworks/Metal.framework/Versions/A/Metal
0x00007ff817c58000 	/usr/lib/liblangid.dylib
0x00007ff8175d8000 	/System/Library/PrivateFrameworks/CoreSVG.framework/Versions/A/CoreSVG
0x00007ff81355a000 	/System/Library/PrivateFrameworks/SkyLight.framework/Versions/A/SkyLight
0x00007ff8138f8000 	/System/Library/Frameworks/CoreGraphics.framework/Versions/A/CoreGraphics
0x00007ff81f9ad000 	/System/Library/Frameworks/Accelerate.framework/Versions/A/Accelerate
0x00007ff819fe4000 	/System/Library/PrivateFrameworks/IconServices.framework/Versions/A/IconServices
0x00007ff816f12000 	/System/Library/Frameworks/IOSurface.framework/Versions/A/IOSurface
0x00007ff814f64000 	/usr/lib/libDiagnosticMessagesClient.dylib
0x00007ff81929e000 	/usr/lib/libz.1.dylib
0x00007ff82308d000 	/System/Library/Frameworks/ApplicationServices.framework/Versions/A/ApplicationServices
0x00007ff8175bf000 	/System/Library/PrivateFrameworks/DFRFoundation.framework/Versions/A/DFRFoundation
0x00007ff81093a000 	/usr/lib/libicucore.A.dylib
0x00007ff81bf7a000 	/System/Library/Frameworks/AudioToolbox.framework/Versions/A/AudioToolbox
0x00007ff81b191000 	/System/Library/PrivateFrameworks/DataDetectorsCore.framework/Versions/A/DataDetectorsCore
0x00007ff917678000 	/System/Library/PrivateFrameworks/TextInput.framework/Versions/A/TextInput
0x00007ff8134dd000 	/usr/lib/libMobileGestalt.dylib
0x00007ff8172cb000 	/System/Library/Frameworks/Carbon.framework/Versions/A/Frameworks/HIToolbox.framework/Versions/A/HIToolbox
0x00007ff815701000 	/System/Library/Frameworks/QuartzCore.framework/Versions/A/QuartzCore
0x00007ff8105df000 	/System/Library/Frameworks/Security.framework/Versions/A/Security
0x00007ff81f325000 	/System/Library/Frameworks/Carbon.framework/Versions/A/Frameworks/SpeechRecognition.framework/Versions/A/SpeechRecognition
0x00007ff815a5b000 	/System/Library/PrivateFrameworks/CoreUI.framework/Versions/A/CoreUI
0x00007ff80feaa000 	/System/Library/Frameworks/CoreAudio.framework/Versions/A/CoreAudio
0x00007ff815053000 	/System/Library/Frameworks/DiskArbitration.framework/Versions/A/DiskArbitration
0x00007ff81a953000 	/System/Library/PrivateFrameworks/MultitouchSupport.framework/Versions/A/MultitouchSupport
0x00007ff8134dc000 	/usr/lib/libenergytrace.dylib
0x00007ff810f3e000 	/System/Library/Frameworks/IOKit.framework/Versions/A/IOKit
0x00007ff81f715000 	/System/Library/Frameworks/CoreServices.framework/Versions/A/CoreServices
0x00007ff815c95000 	/System/Library/PrivateFrameworks/PerformanceAnalysis.framework/Versions/A/PerformanceAnalysis
0x00007ffa2735d000 	/System/Library/Frameworks/OpenGL.framework/Versions/A/OpenGL
0x00007ff8188ba000 	/System/Library/PrivateFrameworks/MobileKeyBag.framework/Versions/A/MobileKeyBag
0x00007ff80e41a000 	/usr/lib/libobjc.A.dylib
0x00007ff813fc4000 	/System/Library/Frameworks/ColorSync.framework/Versions/A/ColorSync
0x00007ff80e5d4000 	/System/Library/Frameworks/CoreFoundation.framework/Versions/A/CoreFoundation
0x00007ff81784e000 	/System/Library/Frameworks/CoreImage.framework/Versions/A/CoreImage
0x00007ff80fcbe000 	/System/Library/Frameworks/CoreText.framework/Versions/A/CoreText
0x00007ff817608000 	/System/Library/Frameworks/ImageIO.framework/Versions/A/ImageIO
0x00007ff819384000 	/System/Library/PrivateFrameworks/SoftLinking.framework/Versions/A/SoftLinking
0x00007ff815d46000 	/usr/lib/libxml2.2.dylib
0x00007ff80e4e0000 	/usr/lib/libc++.1.dylib
0x00007ff819608000 	/usr/lib/libcompression.dylib
0x00007ff81b0b8000 	/System/Library/PrivateFrameworks/TextureIO.framework/Versions/A/TextureIO
0x00007ff819cf6000 	/usr/lib/libate.dylib
0x00007ff819379000 	/usr/lib/system/libcache.dylib
0x00007ff819335000 	/usr/lib/system/libcommonCrypto.dylib
0x00007ff81935e000 	/usr/lib/system/libcompiler_rt.dylib
0x00007ff819354000 	/usr/lib/system/libcopyfile.dylib
0x00007ff80e315000 	/usr/lib/system/libcorecrypto.dylib
0x00007ff80e3d3000 	/usr/lib/system/libdispatch.dylib
0x00007ff80e593000 	/usr/lib/system/libdyld.dylib
0x00007ff819370000 	/usr/lib/system/libkeymgr.dylib
0x00007ff819313000 	/usr/lib/system/libmacho.dylib
0x00007ff818994000 	/usr/lib/system/libquarantine.dylib
0x00007ff81936e000 	/usr/lib/system/libremovefile.dylib
0x00007ff81352a000 	/usr/lib/system/libsystem_asl.dylib
0x00007ff80e2be000 	/usr/lib/system/libsystem_blocks.dylib
0x00007ff80e457000 	/usr/lib/system/libsystem_c.dylib
0x00007ff819366000 	/usr/lib/system/libsystem_collections.dylib
0x00007ff817c48000 	/usr/lib/system/libsystem_configuration.dylib
0x00007ff816ef5000 	/usr/lib/system/libsystem_containermanager.dylib
0x00007ff81904b000 	/usr/lib/system/libsystem_coreservices.dylib
0x00007ff810bce000 	/usr/lib/system/libsystem_darwin.dylib
0x00007ff819371000 	/usr/lib/system/libsystem_dnssd.dylib
0x00007ff80e454000 	/usr/lib/system/libsystem_featureflags.dylib
0x00007ff80e5a9000 	/usr/lib/system/libsystem_info.dylib
0x00007ff8192b1000 	/usr/lib/system/libsystem_m.dylib
0x00007ff80e3a7000 	/usr/lib/system/libsystem_malloc.dylib
0x00007ff8134c5000 	/usr/lib/system/libsystem_networkextension.dylib
0x00007ff810ff4000 	/usr/lib/system/libsystem_notify.dylib
0x00007ff81f5ea000 	/usr/lib/system/libsystem_product_info_filter.dylib
0x00007ff817c4c000 	/usr/lib/system/libsystem_sandbox.dylib
0x00007ff81936b000 	/usr/lib/system/libsystem_secinit.dylib
0x00007ff80e54f000 	/usr/lib/system/libsystem_kernel.dylib
0x00007ff80e59f000 	/usr/lib/system/libsystem_platform.dylib
0x00007ff80e587000 	/usr/lib/system/libsystem_pthread.dylib
0x00007ff814d76000 	/usr/lib/system/libsystem_symptoms.dylib
0x00007ff80e2fc000 	/usr/lib/system/libsystem_trace.dylib
0x00007ff819341000 	/usr/lib/system/libunwind.dylib
0x00007ff80e2c0000 	/usr/lib/system/libxpc.dylib
0x00007ff80e539000 	/usr/lib/libc++abi.dylib
0x00007ff81934c000 	/usr/lib/liboah.dylib
0x00007ff819ad2000 	/usr/lib/liblzma.5.dylib
0x00007ff80f165000 	/System/Library/Frameworks/SystemConfiguration.framework/Versions/A/SystemConfiguration
0x00007ff819380000 	/usr/lib/libfakelink.dylib
0x00007ff813036000 	/System/Library/Frameworks/CFNetwork.framework/Versions/A/CFNetwork
0x00007ff8194c1000 	/usr/lib/libarchive.2.dylib
0x00007ff817c54000 	/System/Library/PrivateFrameworks/AppleSystemInfo.framework/Versions/A/AppleSystemInfo
0x00007ff8189bb000 	/usr/lib/libbsm.0.dylib
0x00007ff812645000 	/usr/lib/libnetwork.dylib
0x00007ff819319000 	/usr/lib/system/libkxld.dylib
0x00007ff8185ee000 	/System/Library/PrivateFrameworks/IOMobileFramebuffer.framework/Versions/A/IOMobileFramebuffer
0x00007ffb26731000 	/usr/lib/libCoreEntitlements.dylib
0x00007ff81902d000 	/System/Library/PrivateFrameworks/AppleFSCompression.framework/Versions/A/AppleFSCompression
0x00007ff8189a3000 	/usr/lib/libcoretls.dylib
0x00007ff819aec000 	/usr/lib/libcoretls_cfhelpers.dylib
0x00007ff819603000 	/usr/lib/libpam.2.dylib
0x00007ff814996000 	/usr/lib/libsqlite3.dylib
0x00007ff819b5b000 	/usr/lib/libxar.1.dylib
0x00007ff81903d000 	/usr/lib/libbz2.1.0.dylib
0x00007ff819385000 	/usr/lib/libpcap.A.dylib
0x00007ff814d6e000 	/usr/lib/libdns_services.dylib
0x00007ff8195d3000 	/usr/lib/libapple_nghttp2.dylib
0x00007ff8193bf000 	/usr/lib/libiconv.2.dylib
0x00007ff819312000 	/usr/lib/libcharset.1.dylib
0x00007ff815cc9000 	/System/Library/Frameworks/CoreServices.framework/Versions/A/Frameworks/FSEvents.framework/Versions/A/FSEvents
0x00007ff810bd8000 	/System/Library/Frameworks/CoreServices.framework/Versions/A/Frameworks/CarbonCore.framework/Versions/A/CarbonCore
0x00007ff814fb7000 	/System/Library/Frameworks/CoreServices.framework/Versions/A/Frameworks/Metadata.framework/Versions/A/Metadata
0x00007ff819050000 	/System/Library/Frameworks/CoreServices.framework/Versions/A/Frameworks/OSServices.framework/Versions/A/OSServices
0x00007ff819548000 	/System/Library/Frameworks/CoreServices.framework/Versions/A/Frameworks/SearchKit.framework/Versions/A/SearchKit
0x00007ff814d01000 	/System/Library/Frameworks/CoreServices.framework/Versions/A/Frameworks/AE.framework/Versions/A/AE
0x00007ff80ead7000 	/System/Library/Frameworks/CoreServices.framework/Versions/A/Frameworks/LaunchServices.framework/Versions/A/LaunchServices
0x00007ff819a83000 	/System/Library/Frameworks/CoreServices.framework/Versions/A/Frameworks/DictionaryServices.framework/Versions/A/DictionaryServices
0x00007ff815cd6000 	/System/Library/Frameworks/CoreServices.framework/Versions/A/Frameworks/SharedFileList.framework/Versions/A/SharedFileList
0x00007ff818997000 	/usr/lib/libCheckFix.dylib
0x00007ff813541000 	/System/Library/PrivateFrameworks/TCC.framework/Versions/A/TCC
0x00007ff817c5a000 	/System/Library/PrivateFrameworks/CoreNLP.framework/Versions/A/CoreNLP
0x00007ff814f67000 	/System/Library/PrivateFrameworks/MetadataUtilities.framework/Versions/A/MetadataUtilities
0x00007ff80f219000 	/usr/lib/libmecabra.dylib
0x00007ff8189cb000 	/usr/lib/libmecab.dylib
0x00007ff80f1e4000 	/usr/lib/libCRFSuite.dylib
0x00007ff818a25000 	/usr/lib/libgermantok.dylib
0x00007ff8195ae000 	/usr/lib/libThaiTokenizer.dylib
0x00007ff81505a000 	/System/Library/Frameworks/Accelerate.framework/Versions/A/Frameworks/vImage.framework/Versions/A/vImage
0x00007ff81f6ec000 	/System/Library/Frameworks/Accelerate.framework/Versions/A/Frameworks/vecLib.framework/Versions/A/vecLib
0x00007ff819b9c000 	/System/Library/Frameworks/Accelerate.framework/Versions/A/Frameworks/vecLib.framework/Versions/A/libvMisc.dylib
0x00007ff818419000 	/System/Library/Frameworks/Accelerate.framework/Versions/A/Frameworks/vecLib.framework/Versions/A/libvDSP.dylib
0x00007ff80ee55000 	/System/Library/Frameworks/Accelerate.framework/Versions/A/Frameworks/vecLib.framework/Versions/A/libBLAS.dylib
0x00007ff8196e5000 	/System/Library/Frameworks/Accelerate.framework/Versions/A/Frameworks/vecLib.framework/Versions/A/libLAPACK.dylib
0x00007ff818a28000 	/System/Library/Frameworks/Accelerate.framework/Versions/A/Frameworks/vecLib.framework/Versions/A/libLinearAlgebra.dylib
0x00007ff8195eb000 	/System/Library/Frameworks/Accelerate.framework/Versions/A/Frameworks/vecLib.framework/Versions/A/libSparseBLAS.dylib
0x00007ff8196df000 	/System/Library/Frameworks/Accelerate.framework/Versions/A/Frameworks/vecLib.framework/Versions/A/libQuadrature.dylib
0x00007ff817d45000 	/System/Library/Frameworks/Accelerate.framework/Versions/A/Frameworks/vecLib.framework/Versions/A/libBNNS.dylib
0x00007ff80f0ef000 	/System/Library/Frameworks/Accelerate.framework/Versions/A/Frameworks/vecLib.framework/Versions/A/libSparse.dylib
0x00007ff817d3e000 	/System/Library/PrivateFrameworks/LinguisticData.framework/Versions/A/LinguisticData
0x00007ff80f0a5000 	/System/Library/PrivateFrameworks/Lexicon.framework/Versions/A/Lexicon
0x00007ff819b95000 	/usr/lib/libChineseTokenizer.dylib
0x00007ff80f813000 	/System/Library/PrivateFrameworks/LanguageModeling.framework/Versions/A/LanguageModeling
0x00007ff8195b0000 	/System/Library/PrivateFrameworks/AppleSauce.framework/Versions/A/AppleSauce
0x00007ff8185dc000 	/System/Library/PrivateFrameworks/CoreEmoji.framework/Versions/A/CoreEmoji
0x00007ff8194b0000 	/usr/lib/libcmph.dylib
0x00007ff815cad000 	/System/Library/Frameworks/OpenDirectory.framework/Versions/A/Frameworks/CFOpenDirectory.framework/Versions/A/CFOpenDirectory
0x00007ff815ca1000 	/System/Library/Frameworks/OpenDirectory.framework/Versions/A/OpenDirectory
0x00007ff819aee000 	/System/Library/PrivateFrameworks/APFS.framework/Versions/A/APFS
0x00007ff8188f2000 	/System/Library/Frameworks/SecurityFoundation.framework/Versions/A/SecurityFoundation
0x00007ff819b69000 	/usr/lib/libutil.dylib
0x00007ff810f02000 	/System/Library/PrivateFrameworks/CoreServicesStore.framework/Versions/A/CoreServicesStore
0x00007ff819b6d000 	/usr/lib/libxslt.1.dylib
0x00007ff81897f000 	/System/Library/PrivateFrameworks/BackgroundTaskManagement.framework/Versions/A/BackgroundTaskManagement
0x00007ff81afd8000 	/System/Library/Frameworks/ImageIO.framework/Versions/A/Resources/libRadiance.dylib
0x00007ff81afe1000 	/System/Library/Frameworks/ImageIO.framework/Versions/A/Resources/libJPEG.dylib
0x00007ff81af32000 	/System/Library/Frameworks/ImageIO.framework/Versions/A/Resources/libPng.dylib
0x00007ff81af53000 	/System/Library/Frameworks/ImageIO.framework/Versions/A/Resources/libTIFF.dylib
0x00007ff81b041000 	/System/Library/Frameworks/ImageIO.framework/Versions/A/Resources/libGIF.dylib
0x00007ff81a86d000 	/System/Library/Frameworks/ImageIO.framework/Versions/A/Resources/libJP2.dylib
0x00007ff819fab000 	/usr/lib/libexpat.1.dylib
0x00007ff81a822000 	/System/Library/PrivateFrameworks/AppleJPEG.framework/Versions/A/AppleJPEG
0x00007ff81718f000 	/System/Library/PrivateFrameworks/FontServices.framework/libFontParser.dylib
0x00007ff814cab000 	/System/Library/PrivateFrameworks/RunningBoardServices.framework/Versions/A/RunningBoardServices
0x00007ff8259a4000 	/System/Library/PrivateFrameworks/IOSurfaceAccelerator.framework/Versions/A/IOSurfaceAccelerator
0x00007ff81a94f000 	/System/Library/PrivateFrameworks/WatchdogClient.framework/Versions/A/WatchdogClient
0x00007ff80f901000 	/System/Library/Frameworks/CoreDisplay.framework/Versions/A/CoreDisplay
0x00007ff81708d000 	/System/Library/Frameworks/CoreMedia.framework/Versions/A/CoreMedia
0x00007ff816f24000 	/System/Library/PrivateFrameworks/IOAccelerator.framework/Versions/A/IOAccelerator
0x00007ff815e2a000 	/System/Library/Frameworks/CoreVideo.framework/Versions/A/CoreVideo
0x00007ff819601000 	/System/Library/Frameworks/MetalPerformanceShaders.framework/Versions/A/MetalPerformanceShaders
0x00007ff81a98c000 	/System/Library/Frameworks/VideoToolbox.framework/Versions/A/VideoToolbox
0x00007ff814bf5000 	/System/Library/PrivateFrameworks/BaseBoard.framework/Versions/A/BaseBoard
0x00007ff81497c000 	/System/Library/PrivateFrameworks/ProtocolBuffer.framework/Versions/A/ProtocolBuffer
0x00007ff81afd1000 	/System/Library/PrivateFrameworks/GPUWrangler.framework/Versions/A/GPUWrangler
0x00007ff81afb5000 	/System/Library/PrivateFrameworks/IOPresentment.framework/Versions/A/IOPresentment
0x00007ff81afdb000 	/System/Library/PrivateFrameworks/DSExternalDisplay.framework/Versions/A/DSExternalDisplay
0x00007ffa27351000 	/System/Library/Frameworks/OpenGL.framework/Versions/A/Libraries/libCoreFSCache.dylib
0x00007ffb13e55000 	/System/Library/PrivateFrameworks/GPUCompiler.framework/Versions/31001/Libraries/libGPUCompilerUtils.dylib
0x00007ff81b046000 	/System/Library/PrivateFrameworks/CMCaptureCore.framework/Versions/A/CMCaptureCore
0x00007ff81a553000 	/System/Library/PrivateFrameworks/AppServerSupport.framework/Versions/A/AppServerSupport
0x00007ff81c812000 	/System/Library/PrivateFrameworks/perfdata.framework/Versions/A/perfdata
0x00007ff80fa2d000 	/System/Library/PrivateFrameworks/AudioToolboxCore.framework/Versions/A/AudioToolboxCore
0x00007ff81706b000 	/System/Library/PrivateFrameworks/caulk.framework/Versions/A/caulk
0x00007ff81c124000 	/usr/lib/libAudioStatistics.dylib
0x00007ff913e1b000 	/System/Library/PrivateFrameworks/SystemPolicy.framework/Versions/A/SystemPolicy
0x00007ff81c37f000 	/usr/lib/libSMC.dylib
0x00007ff82529c000 	/System/Library/Frameworks/CoreMIDI.framework/Versions/A/CoreMIDI
0x00007ff81af01000 	/usr/lib/libAudioToolboxUtility.dylib
0x00007ff910050000 	/System/Library/PrivateFrameworks/OSAServicesClient.framework/Versions/A/OSAServicesClient
0x00007ff81c81f000 	/usr/lib/libperfcheck.dylib
0x00007ff9148c5000 	/usr/lib/libmis.dylib
0x00007ffa273ac000 	/System/Library/Frameworks/OpenGL.framework/Versions/A/Libraries/libGLU.dylib
0x00007ffa27370000 	/System/Library/Frameworks/OpenGL.framework/Versions/A/Libraries/libGFXShared.dylib
0x00007ffa27579000 	/System/Library/Frameworks/OpenGL.framework/Versions/A/Libraries/libGL.dylib
0x00007ffa27379000 	/System/Library/Frameworks/OpenGL.framework/Versions/A/Libraries/libGLImage.dylib
0x00007ffa2736d000 	/System/Library/Frameworks/OpenGL.framework/Versions/A/Libraries/libCVMSPluginSupport.dylib
0x00007ffa27358000 	/System/Library/Frameworks/OpenGL.framework/Versions/A/Libraries/libCoreVMClient.dylib
0x00007ff817bd6000 	/System/Library/Frameworks/MetalPerformanceShaders.framework/Versions/A/Frameworks/MPSCore.framework/Versions/A/MPSCore
0x00007ff818f98000 	/System/Library/Frameworks/MetalPerformanceShaders.framework/Versions/A/Frameworks/MPSImage.framework/Versions/A/MPSImage
0x00007ff818a3e000 	/System/Library/Frameworks/MetalPerformanceShaders.framework/Versions/A/Frameworks/MPSNeuralNetwork.framework/Versions/A/MPSNeuralNetwork
0x00007ff818eb2000 	/System/Library/Frameworks/MetalPerformanceShaders.framework/Versions/A/Frameworks/MPSMatrix.framework/Versions/A/MPSMatrix
0x00007ff818c6d000 	/System/Library/Frameworks/MetalPerformanceShaders.framework/Versions/A/Frameworks/MPSRayIntersector.framework/Versions/A/MPSRayIntersector
0x00007ff818eea000 	/System/Library/Frameworks/MetalPerformanceShaders.framework/Versions/A/Frameworks/MPSNDArray.framework/Versions/A/MPSNDArray
0x00007ffa2c573000 	/System/Library/Frameworks/MetalPerformanceShaders.framework/Versions/A/Frameworks/MPSFunctions.framework/Versions/A/MPSFunctions
0x00007ff80ed2e000 	/System/Library/PrivateFrameworks/MetalTools.framework/Versions/A/MetalTools
0x00007ff817c52000 	/System/Library/PrivateFrameworks/AggregateDictionary.framework/Versions/A/AggregateDictionary
0x00007ff819d8d000 	/usr/lib/libIOReport.dylib
0x00007ffa28988000 	/System/Library/Frameworks/OpenCL.framework/Versions/A/OpenCL
0x00007ff81a0f1000 	/System/Library/PrivateFrameworks/FaceCore.framework/Versions/A/FaceCore
0x00007ff81a0e2000 	/System/Library/PrivateFrameworks/GraphVisualizer.framework/Versions/A/GraphVisualizer
0x00007ffb13d60000 	/System/Library/PrivateFrameworks/FontServices.framework/Versions/A/FontServices
0x00007ff81a50b000 	/System/Library/PrivateFrameworks/OTSVG.framework/Versions/A/OTSVG
0x00007ff815a11000 	/System/Library/Frameworks/ApplicationServices.framework/Versions/A/Frameworks/ATS.framework/Versions/A/Resources/libFontRegistry.dylib
0x00007ff81a55b000 	/System/Library/PrivateFrameworks/FontServices.framework/libhvf.dylib
0x00007ffb13d61000 	/System/Library/PrivateFrameworks/FontServices.framework/libXTFontStaticRegistryData.dylib
0x00007ff819f5b000 	/System/Library/PrivateFrameworks/AppleVA.framework/Versions/A/AppleVA
0x00007ff81c144000 	/System/Library/Frameworks/ApplicationServices.framework/Versions/A/Frameworks/ATS.framework/Versions/A/ATS
0x00007ff8140c2000 	/System/Library/Frameworks/ApplicationServices.framework/Versions/A/Frameworks/HIServices.framework/Versions/A/HIServices
0x00007ff81b050000 	/System/Library/Frameworks/ApplicationServices.framework/Versions/A/Frameworks/PrintCore.framework/Versions/A/PrintCore
0x00007ff81c4d2000 	/System/Library/Frameworks/ApplicationServices.framework/Versions/A/Frameworks/QD.framework/Versions/A/QD
0x00007ff81c4ca000 	/System/Library/Frameworks/ApplicationServices.framework/Versions/A/Frameworks/ColorSyncLegacy.framework/Versions/A/ColorSyncLegacy
0x00007ff81c134000 	/System/Library/Frameworks/ApplicationServices.framework/Versions/A/Frameworks/SpeechSynthesis.framework/Versions/A/SpeechSynthesis
0x00007ff81b011000 	/System/Library/Frameworks/ApplicationServices.framework/Versions/A/Frameworks/ATSUI.framework/Versions/A/ATSUI
0x00007ff81c45f000 	/usr/lib/libcups.2.dylib
0x00007ff81c82e000 	/System/Library/Frameworks/Kerberos.framework/Versions/A/Kerberos
0x00007ff81c83d000 	/System/Library/Frameworks/GSS.framework/Versions/A/GSS
0x00007ff81c1b0000 	/usr/lib/libresolv.9.dylib
0x00007ff81a56a000 	/System/Library/PrivateFrameworks/Heimdal.framework/Versions/A/Heimdal
0x00007ff82341f000 	/System/Library/Frameworks/Kerberos.framework/Versions/A/Libraries/libHeimdalProxy.dylib
0x00007ff814d7e000 	/System/Library/Frameworks/Network.framework/Versions/A/Network
0x00007ff819fc5000 	/usr/lib/libheimdal-asn1.dylib
0x00007ff81c888000 	/System/Library/PrivateFrameworks/CommonAuth.framework/Versions/A/CommonAuth
0x00007ff81c0b6000 	/System/Library/PrivateFrameworks/AudioSession.framework/Versions/A/AudioSession
0x00007ff81a055000 	/System/Library/PrivateFrameworks/MediaExperience.framework/Versions/A/MediaExperience
0x00007ff81bf49000 	/System/Library/PrivateFrameworks/AudioSession.framework/libSessionUtility.dylib
0x00007ff81c4de000 	/System/Library/PrivateFrameworks/AudioResourceArbitration.framework/Versions/A/AudioResourceArbitration
0x00007ff82055f000 	/System/Library/PrivateFrameworks/PowerLog.framework/Versions/A/PowerLog
0x00007ff819fce000 	/System/Library/PrivateFrameworks/IconFoundation.framework/Versions/A/IconFoundation
0x00007ff81f315000 	/System/Library/PrivateFrameworks/SpeechRecognitionCore.framework/Versions/A/SpeechRecognitionCore
0x0000000109360000 	/Users/decagon/Library/Java/JavaVirtualMachines/temurin-11.0.18/Contents/Home/lib/server/libjvm.dylib
0x00000001085d3000 	/Users/decagon/Library/Java/JavaVirtualMachines/temurin-11.0.18/Contents/Home/lib/libverify.dylib
0x0000000108610000 	/Users/decagon/Library/Java/JavaVirtualMachines/temurin-11.0.18/Contents/Home/lib/libjava.dylib
0x00000001085e4000 	/Users/decagon/Library/Java/JavaVirtualMachines/temurin-11.0.18/Contents/Home/lib/libjimage.dylib
0x00000001085ff000 	/Users/decagon/Library/Java/JavaVirtualMachines/temurin-11.0.18/Contents/Home/lib/libinstrument.dylib
0x000000010867c000 	/Users/decagon/Library/Java/JavaVirtualMachines/temurin-11.0.18/Contents/Home/lib/libzip.dylib
0x00000001090c4000 	/Users/decagon/Library/Java/JavaVirtualMachines/temurin-11.0.18/Contents/Home/lib/libnio.dylib
0x00000001090f0000 	/Users/decagon/Library/Java/JavaVirtualMachines/temurin-11.0.18/Contents/Home/lib/libnet.dylib
0x00000001090b9000 	/Users/decagon/Library/Java/JavaVirtualMachines/temurin-11.0.18/Contents/Home/lib/libextnet.dylib
0x00000001090e1000 	/Users/decagon/Library/Java/JavaVirtualMachines/temurin-11.0.18/Contents/Home/lib/libmanagement.dylib
0x0000000109114000 	/Users/decagon/Library/Java/JavaVirtualMachines/temurin-11.0.18/Contents/Home/lib/libmanagement_ext.dylib
0x00000001146ad000 	/Users/decagon/Library/Java/JavaVirtualMachines/temurin-11.0.18/Contents/Home/lib/libsunec.dylib


VM Arguments:
jvm_args: -XX:TieredStopAtLevel=1 -Xverify:none -Dspring.output.ansi.enabled=always -Dcom.sun.management.jmxremote -Dspring.jmx.enabled=true -Dspring.liveBeansView.mbeanDomain -Dspring.application.admin.enabled=true -Dmanagement.endpoints.jmx.exposure.include=* -javaagent:/Applications/IntelliJ IDEA.app/Contents/lib/idea_rt.jar=49694:/Applications/IntelliJ IDEA.app/Contents/bin -Dfile.encoding=UTF-8 
java_command: com.example.teamup.TeamUpApplication
java_class_path (initial): /Users/decagon/Documents/personal project/TeamUp/target/classes:/Users/decagon/.m2/repository/org/springframework/boot/spring-boot-starter-data-jpa/2.7.9/spring-boot-starter-data-jpa-2.7.9.jar:/Users/decagon/.m2/repository/org/springframework/boot/spring-boot-starter-aop/2.7.9/spring-boot-starter-aop-2.7.9.jar:/Users/decagon/.m2/repository/org/aspectj/aspectjweaver/1.9.7/aspectjweaver-1.9.7.jar:/Users/decagon/.m2/repository/org/springframework/boot/spring-boot-starter-jdbc/2.7.9/spring-boot-starter-jdbc-2.7.9.jar:/Users/decagon/.m2/repository/com/zaxxer/HikariCP/4.0.3/HikariCP-4.0.3.jar:/Users/decagon/.m2/repository/org/springframework/spring-jdbc/5.3.25/spring-jdbc-5.3.25.jar:/Users/decagon/.m2/repository/jakarta/transaction/jakarta.transaction-api/1.3.3/jakarta.transaction-api-1.3.3.jar:/Users/decagon/.m2/repository/jakarta/persistence/jakarta.persistence-api/2.2.3/jakarta.persistence-api-2.2.3.jar:/Users/decagon/.m2/repository/org/hibernate/hibernate-core/5.6.15.Final/hibernate-core-5.6.15.Final.jar:/Users/decagon/.m2/repository/org/jboss/logging/jboss-logging/3.4.3.Final/jboss-logging-3.4.3.Final.jar:/Users/decagon/.m2/repository/net/bytebuddy/byte-buddy/1.12.23/byte-buddy-1.12.23.jar:/Users/decagon/.m2/repository/antlr/antlr/2.7.7/antlr-2.7.7.jar:/Users/decagon/.m2/repository/org/jboss/jandex/2.4.2.Final/jandex-2.4.2.Final.jar:/Users/decagon/.m2/repository/com/fasterxml/classmate/1.5.1/classmate-1.5.1.jar:/Users/decagon/.m2/repository/org/hibernate/common/hibernate-commons-annotations/5.1.2.Final/hibernate-commons-annotations-5.1.2.Final.jar:/Users/decagon/.m2/repository/org/glassfish/jaxb/jaxb-runtime/2.3.8/jaxb-runtime-2.3.8.jar:/Users/decagon/.m2/repository/org/glassfish/jaxb/txw2/2.3.8/txw2-2.3.8.jar:/Users/decagon/.m2/repository/com/sun/istack/istack-commons-runtime/3.0.12/istack-commons-runtime-3.0.12.jar:/Users/decagon/.m2/repository/org/springframework/data/spring-data-jpa/2.7.8/spring-data-jpa-2.7.8.jar:/Users/decagon/.m2/r
Launcher Type: SUN_STANDARD

[Global flags]
     bool BytecodeVerificationLocal                = false                                     {product} {command line}
     bool BytecodeVerificationRemote               = false                                     {product} {command line}
     intx CICompilerCount                          = 3                                         {product} {ergonomic}
     uint ConcGCThreads                            = 1                                         {product} {ergonomic}
     uint G1ConcRefinementThreads                  = 4                                         {product} {ergonomic}
   size_t G1HeapRegionSize                         = 1048576                                   {product} {ergonomic}
    uintx GCDrainStackTargetSize                   = 64                                        {product} {ergonomic}
   size_t InitialHeapSize                          = 134217728                                 {product} {ergonomic}
     bool ManagementServer                         = true                                      {product} {command line}
   size_t MarkStackSize                            = 4194304                                   {product} {ergonomic}
   size_t MaxHeapSize                              = 2147483648                                {product} {ergonomic}
   size_t MaxNewSize                               = 1287651328                                {product} {ergonomic}
   size_t MinHeapDeltaBytes                        = 1048576                                   {product} {ergonomic}
    uintx NonNMethodCodeHeapSize                   = 6973028                                {pd product} {ergonomic}
    uintx NonProfiledCodeHeapSize                  = 244685212                              {pd product} {ergonomic}
    uintx ProfiledCodeHeapSize                     = 0                                      {pd product} {ergonomic}
    uintx ReservedCodeCacheSize                    = 251658240                              {pd product} {ergonomic}
     bool SegmentedCodeCache                       = true                                      {product} {ergonomic}
     intx TieredStopAtLevel                        = 1                                         {product} {command line}
     bool UseCompressedClassPointers               = true                                 {lp64_product} {ergonomic}
     bool UseCompressedOops                        = true                                 {lp64_product} {ergonomic}
     bool UseG1GC                                  = true                                      {product} {ergonomic}

Logging:
Log output configuration:
 #0: stdout all=warning uptime,level,tags
 #1: stderr all=off uptime,level,tags

Environment Variables:
PATH=/usr/local/bin:/usr/bin:/bin:/usr/sbin:/sbin:/usr/local/share/dotnet:~/.dotnet/tools
SHELL=/bin/zsh
LC_CTYPE=en_NG.UTF-8
TMPDIR=/var/folders/cx/wr9f3rp13zb5k7802mws3rvc0000gn/T/

Signal Handlers:
SIGSEGV: [libjvm.dylib+0x7cab9e], sa_mask[0]=11111111011111110111111111111111, sa_flags=SA_ONSTACK|SA_RESTART|SA_SIGINFO
SIGBUS: [libjvm.dylib+0x7cab9e], sa_mask[0]=11111111011111110111111111111111, sa_flags=SA_RESTART|SA_SIGINFO
SIGFPE: [libjvm.dylib+0x7cab9e], sa_mask[0]=11111111011111110111111111111111, sa_flags=SA_RESTART|SA_SIGINFO
SIGPIPE: [libjvm.dylib+0x62f1ee], sa_mask[0]=11111111011111110111111111111111, sa_flags=SA_RESTART|SA_SIGINFO
SIGXFSZ: [libjvm.dylib+0x62f1ee], sa_mask[0]=11111111011111110111111111111111, sa_flags=SA_RESTART|SA_SIGINFO
SIGILL: [libjvm.dylib+0x7cab9e], sa_mask[0]=11111111011111110111111111111111, sa_flags=SA_RESTART|SA_SIGINFO
SIGUSR2: [libjvm.dylib+0x62f7d5], sa_mask[0]=00100000000000000000000000000000, sa_flags=SA_RESTART|SA_SIGINFO
SIGHUP: [libjvm.dylib+0x62e331], sa_mask[0]=11111111011111110111111111111111, sa_flags=SA_RESTART|SA_SIGINFO
SIGINT: [libjvm.dylib+0x62e331], sa_mask[0]=11111111011111110111111111111111, sa_flags=SA_RESTART|SA_SIGINFO
SIGTERM: [libjvm.dylib+0x62e331], sa_mask[0]=11111111011111110111111111111111, sa_flags=SA_RESTART|SA_SIGINFO
SIGQUIT: [libjvm.dylib+0x62e331], sa_mask[0]=11111111011111110111111111111111, sa_flags=SA_RESTART|SA_SIGINFO


---------------  S Y S T E M  ---------------

OS:uname:Darwin 21.5.0 Darwin Kernel Version 21.5.0: Tue Apr 26 21:08:22 PDT 2022; root:xnu-8020.121.3~4/RELEASE_X86_64 x86_64
OS uptime: 0 days 11:35 hours
rlimit (soft/hard): STACK 8192k/65532k , CORE 0k/infinity , NPROC 1392/2088 , NOFILE 10240/infinity , AS infinity/infinity , CPU infinity/infinity , DATA infinity/infinity , FSIZE infinity/infinity , MEMLOCK infinity/infinity , RSS infinity/infinity
load average:7.00 7.65 7.34

CPU:total 4 (initial active 4) (2 cores per cpu, 2 threads per core) family 6 model 61 stepping 4 microcode 0x2f, cmov, cx8, fxsr, mmx, sse, sse2, sse3, ssse3, sse4.1, sse4.2, popcnt, avx, avx2, aes, clmul, erms, 3dnowpref, lzcnt, ht, tsc, tscinvbit, bmi1, bmi2, adx, fma

Memory: 4k page, physical 8388608k(17704k free), swap 3145728k(1112320k free)

vm_info: OpenJDK 64-Bit Server VM (11.0.18+10) for bsd-amd64 JRE (11.0.18+10), built on Jan 18 2023 10:29:27 by "jenkins" with clang 4.2.1 Compatible Apple LLVM 10.0.1 (clang-1001.0.46.4)

END.
